2017/03/16 15:41:03 [error] [system.db.CDbCommand] CDbCommand::fetch() failed: SQLSTATE[42S02]: Base table or view not found: 1146 Table 'db_rjilautots_dev._user' doesn't exist. The SQL statement executed was: SELECT * FROM _user where username = 'sachin.k@infinitylabs.in' AND lastlogindatetime ='1489656791'.
in /var/www/html/timesheet/protected/models/LoginForm.php (111)
in /var/www/html/timesheet/protected/models/LoginForm.php (104)
in /var/www/html/timesheet/protected/models/LoginForm.php (117)
2017/03/16 15:41:06 [error] [system.db.CDbCommand] CDbCommand::fetch() failed: SQLSTATE[42S02]: Base table or view not found: 1146 Table 'db_rjilautots_dev._user' doesn't exist. The SQL statement executed was: SELECT * FROM _user where username = 'sachin.k@infinitylabs.in' AND lastlogindatetime ='1489656791'.
in /var/www/html/timesheet/protected/models/LoginForm.php (111)
in /var/www/html/timesheet/protected/models/LoginForm.php (104)
in /var/www/html/timesheet/protected/models/LoginForm.php (117)
2017/03/16 15:41:08 [error] [system.db.CDbCommand] CDbCommand::fetch() failed: SQLSTATE[42S02]: Base table or view not found: 1146 Table 'db_rjilautots_dev._user' doesn't exist. The SQL statement executed was: SELECT * FROM _user where username = 'sachin.k@infinitylabs.in' AND lastlogindatetime ='1489656791'.
in /var/www/html/timesheet/protected/models/LoginForm.php (111)
in /var/www/html/timesheet/protected/models/LoginForm.php (104)
in /var/www/html/timesheet/protected/models/LoginForm.php (117)
2017/03/16 18:36:47 [error] [system.db.CDbCommand] CDbCommand::fetchAll() failed: SQLSTATE[42000]: Syntax error or access violation: 1064 You have an error in your SQL syntax; check the manual that corresponds to your MySQL server version for the right syntax to use near ') order by first_name' at line 1. The SQL statement executed was: select emp_id,concat(first_name,' ',last_name) as name from tbl_employee  where emp_id in () order by first_name.
in /var/www/html/timesheet/protected/controllers/ResourceAllocationProjectWorkController.php (720)
in /var/www/html/timesheet/index.php (35)
2017/03/23 19:57:42 [error] [system.db.CDbCommand] CDbCommand::fetchAll() failed: SQLSTATE[42S02]: Base table or view not found: 1146 Table 'db_rjilautots_dev.tbl_pid_mapping' doesn't exist. The SQL statement executed was: SHOW FULL COLUMNS FROM `tbl_pid_mapping`.
in /var/www/html/timesheet/protected/views/pidMapping/index.php (20)
in /var/www/html/timesheet/protected/controllers/PidMappingController.php (128)
in /var/www/html/timesheet/index.php (35)
2017/03/23 20:04:14 [error] [system.db.CDbCommand] CDbCommand::fetchAll() failed: SQLSTATE[42S02]: Base table or view not found: 1146 Table 'db_rjilautots_dev.tbl_pid_mapping' doesn't exist. The SQL statement executed was: SHOW FULL COLUMNS FROM `tbl_pid_mapping`.
in /var/www/html/timesheet/protected/views/pidMapping/index.php (20)
in /var/www/html/timesheet/protected/controllers/PidMappingController.php (128)
in /var/www/html/timesheet/index.php (35)
2017/03/23 20:04:16 [error] [system.db.CDbCommand] CDbCommand::fetchAll() failed: SQLSTATE[42S02]: Base table or view not found: 1146 Table 'db_rjilautots_dev.tbl_pid_mapping' doesn't exist. The SQL statement executed was: SHOW FULL COLUMNS FROM `tbl_pid_mapping`.
in /var/www/html/timesheet/protected/views/pidMapping/index.php (20)
in /var/www/html/timesheet/protected/controllers/PidMappingController.php (128)
in /var/www/html/timesheet/index.php (35)
2017/03/23 20:06:40 [error] [system.db.CDbCommand] CDbCommand::fetchAll() failed: SQLSTATE[42S02]: Base table or view not found: 1146 Table 'db_rjilautots_dev.tbl_pid_mapping' doesn't exist. The SQL statement executed was: SHOW FULL COLUMNS FROM `tbl_pid_mapping`.
in /var/www/html/timesheet/protected/views/pidMapping/index.php (20)
in /var/www/html/timesheet/protected/controllers/PidMappingController.php (128)
in /var/www/html/timesheet/index.php (35)
2017/03/23 20:06:41 [error] [system.db.CDbCommand] CDbCommand::fetchAll() failed: SQLSTATE[42S02]: Base table or view not found: 1146 Table 'db_rjilautots_dev.tbl_pid_mapping' doesn't exist. The SQL statement executed was: SHOW FULL COLUMNS FROM `tbl_pid_mapping`.
in /var/www/html/timesheet/protected/views/pidMapping/index.php (20)
in /var/www/html/timesheet/protected/controllers/PidMappingController.php (128)
in /var/www/html/timesheet/index.php (35)
2017/03/23 20:06:42 [error] [system.db.CDbCommand] CDbCommand::fetchAll() failed: SQLSTATE[42S02]: Base table or view not found: 1146 Table 'db_rjilautots_dev.tbl_pid_mapping' doesn't exist. The SQL statement executed was: SHOW FULL COLUMNS FROM `tbl_pid_mapping`.
in /var/www/html/timesheet/protected/views/pidMapping/index.php (20)
in /var/www/html/timesheet/protected/controllers/PidMappingController.php (128)
in /var/www/html/timesheet/index.php (35)
2017/03/23 20:07:01 [error] [system.db.CDbCommand] CDbCommand::fetchAll() failed: SQLSTATE[42S02]: Base table or view not found: 1146 Table 'db_rjilautots_dev.tbl_pid_mapping' doesn't exist. The SQL statement executed was: SHOW FULL COLUMNS FROM `tbl_pid_mapping`.
in /var/www/html/timesheet/protected/views/pidMapping/index.php (20)
in /var/www/html/timesheet/protected/controllers/PidMappingController.php (128)
in /var/www/html/timesheet/index.php (35)
2017/03/23 20:07:03 [error] [system.db.CDbCommand] CDbCommand::fetchAll() failed: SQLSTATE[42S02]: Base table or view not found: 1146 Table 'db_rjilautots_dev.tbl_pid_mapping' doesn't exist. The SQL statement executed was: SHOW FULL COLUMNS FROM `tbl_pid_mapping`.
in /var/www/html/timesheet/protected/views/pidMapping/index.php (20)
in /var/www/html/timesheet/protected/controllers/PidMappingController.php (128)
in /var/www/html/timesheet/index.php (35)
2017/03/23 20:12:29 [error] [system.db.CDbCommand] CDbCommand::fetchAll() failed: SQLSTATE[42S02]: Base table or view not found: 1146 Table 'db_rjilautots_dev.tbl_pid_approval' doesn't exist. The SQL statement executed was: SHOW FULL COLUMNS FROM `db_rjilautots_dev`.`tbl_pid_approval`.
in /var/www/html/timesheet/protected/views/pidApproval/index.php (20)
in /var/www/html/timesheet/protected/controllers/PidApprovalController.php (157)
in /var/www/html/timesheet/index.php (35)
2017/03/23 20:16:38 [error] [system.db.CDbCommand] CDbCommand::fetchAll() failed: SQLSTATE[42S02]: Base table or view not found: 1146 Table 'db_rjilautots_dev.tbl_pid_approval' doesn't exist. The SQL statement executed was: SHOW FULL COLUMNS FROM `tbl_pid_approval`.
in /var/www/html/timesheet/protected/views/pidApproval/index.php (20)
in /var/www/html/timesheet/protected/controllers/PidApprovalController.php (157)
in /var/www/html/timesheet/index.php (35)
2017/03/23 20:16:41 [error] [system.db.CDbCommand] CDbCommand::fetchAll() failed: SQLSTATE[42S02]: Base table or view not found: 1146 Table 'db_rjilautots_dev.tbl_pid_approval' doesn't exist. The SQL statement executed was: SHOW FULL COLUMNS FROM `tbl_pid_approval`.
in /var/www/html/timesheet/protected/views/pidApproval/index.php (20)
in /var/www/html/timesheet/protected/controllers/PidApprovalController.php (157)
in /var/www/html/timesheet/index.php (35)
2017/03/23 21:33:31 [error] [system.db.CDbCommand] CDbCommand::execute() failed: SQLSTATE[HY093]: Invalid parameter number: parameter was not defined. The SQL statement executed was: insert into tbl_pid_mapping (year_month, project_id, sub_project_id,task_id, sub_task_id,status, created_at, created_by,pid) 
											   // values (:year_month,:project_id, :sub_project_id,:task_id,:status, :created_at,:created_by,:pid). Bound with :year_month='201703', :project_id='001', :sub_project_id='0002', :task_id='001', :sub_task_id='002', :created_at='2017-03-23 09:33:31', :created_by='46', :pid='20170300100020002001002'.
in /var/www/html/timesheet/protected/models/PidMapping.php (148)
in /var/www/html/timesheet/protected/controllers/PidMappingController.php (144)
in /var/www/html/timesheet/index.php (35)
2017/03/23 21:34:13 [error] [system.db.CDbCommand] CDbCommand::execute() failed: SQLSTATE[HY093]: Invalid parameter number: parameter was not defined. The SQL statement executed was: insert into tbl_pid_mapping (year_month, project_id, sub_project_id,task_id, sub_task_id,status, created_at, created_by,pid) 
											   values (:year_month,:project_id, :sub_project_id,:task_id,:status, :created_at,:created_by,:pid). Bound with :year_month='201703', :project_id='001', :sub_project_id='0002', :task_id='001', :sub_task_id='002', :created_at='2017-03-23 09:34:13', :created_by='46', :pid='20170300100020002001002'.
in /var/www/html/timesheet/protected/models/PidMapping.php (148)
in /var/www/html/timesheet/protected/controllers/PidMappingController.php (144)
in /var/www/html/timesheet/index.php (35)
2017/03/23 21:36:32 [error] [system.db.CDbCommand] CDbCommand::execute() failed: SQLSTATE[HY093]: Invalid parameter number: number of bound variables does not match number of tokens. The SQL statement executed was: insert into tbl_pid_mapping (year_month, project_id, sub_project_id,task_id, sub_task_id,status, created_at, created_by,pid) 
											   values (:year_month,:project_id, :sub_project_id,:task_id,:status, :created_at,:created_by,:pid). Bound with :year_month='201703', :project_id='001', :sub_project_id='0002', :task_id='001', :sub_task_id='002', :status='1', :created_at='2017-03-23 09:36:32', :created_by='46', :pid='20170300100020002001002'.
in /var/www/html/timesheet/protected/models/PidMapping.php (148)
in /var/www/html/timesheet/protected/controllers/PidMappingController.php (144)
in /var/www/html/timesheet/index.php (35)
2017/03/23 21:38:21 [error] [system.db.CDbCommand] CDbCommand::execute() failed: SQLSTATE[HY093]: Invalid parameter number: number of bound variables does not match number of tokens. The SQL statement executed was: insert into tbl_pid_mapping (year_month, project_id, sub_project_id,task_id, sub_task_id,status, created_at, created_by,pid) 
											   values (:year_month,:project_id, :sub_project_id,:task_id,:status, :created_at,:created_by,:pid). Bound with :year_month='201703', :project_id='001', :sub_project_id='0002', :task_id='001', :sub_task_id='002', :status='1', :created_at='2017-03-23 09:38:21', :created_by='46', :pid='20170300100020002001002'.
in /var/www/html/timesheet/protected/models/PidMapping.php (148)
in /var/www/html/timesheet/protected/controllers/PidMappingController.php (144)
in /var/www/html/timesheet/index.php (35)
2017/03/23 21:39:57 [error] [system.db.CDbCommand] CDbCommand::execute() failed: SQLSTATE[HY093]: Invalid parameter number: number of bound variables does not match number of tokens. The SQL statement executed was: insert into tbl_pid_mapping (year_month, project_id, sub_project_id,task_id, sub_task_id,status,created_at, created_by,pid)values (:year_month,:project_id, :sub_project_id,:task_id,:status, :created_at,:created_by,:pid). Bound with :year_month='201703', :project_id='001', :sub_project_id='0002', :task_id='001', :sub_task_id='002', :status='1', :created_at='2017-03-23 09:39:57', :created_by='46', :pid='20170300100020002001002'.
in /var/www/html/timesheet/protected/models/PidMapping.php (146)
in /var/www/html/timesheet/protected/controllers/PidMappingController.php (144)
in /var/www/html/timesheet/index.php (35)
2017/03/23 21:40:54 [error] [system.db.CDbCommand] CDbCommand::execute() failed: SQLSTATE[HY093]: Invalid parameter number: number of bound variables does not match number of tokens. The SQL statement executed was: insert into tbl_pid_mapping (year_month,project_id,sub_project_id,task_id,sub_task_id,status,created_at,created_by,pid)values (:year_month,:project_id, :sub_project_id,:task_id,:status, :created_at,:created_by,:pid). Bound with :year_month='201703', :project_id='001', :sub_project_id='0002', :task_id='001', :sub_task_id='002', :status='1', :created_at='2017-03-23 09:40:54', :created_by='46', :pid='20170300100020002001002'.
in /var/www/html/timesheet/protected/models/PidMapping.php (146)
in /var/www/html/timesheet/protected/controllers/PidMappingController.php (144)
in /var/www/html/timesheet/index.php (35)
2017/03/23 21:40:55 [error] [system.db.CDbCommand] CDbCommand::execute() failed: SQLSTATE[HY093]: Invalid parameter number: number of bound variables does not match number of tokens. The SQL statement executed was: insert into tbl_pid_mapping (year_month,project_id,sub_project_id,task_id,sub_task_id,status,created_at,created_by,pid)values (:year_month,:project_id, :sub_project_id,:task_id,:status, :created_at,:created_by,:pid). Bound with :year_month='201703', :project_id='001', :sub_project_id='0002', :task_id='001', :sub_task_id='002', :status='1', :created_at='2017-03-23 09:40:55', :created_by='46', :pid='20170300100020002001002'.
in /var/www/html/timesheet/protected/models/PidMapping.php (146)
in /var/www/html/timesheet/protected/controllers/PidMappingController.php (144)
in /var/www/html/timesheet/index.php (35)
2017/03/23 21:44:23 [error] [system.db.CDbCommand] CDbCommand::execute() failed: SQLSTATE[HY093]: Invalid parameter number: number of bound variables does not match number of tokens. The SQL statement executed was: insert into tbl_pid_mapping (year_month,project_id,sub_project_id,task_id,sub_task_id,status,created_at,created_by,modified_at,modified_by,pid)values (:year_month,:project_id, :sub_project_id,:task_id,:status, :created_at,:created_by,:modified_at,:modified_by,:pid). Bound with :year_month='201703', :project_id='001', :sub_project_id='0002', :task_id='001', :sub_task_id='002', :status='1', :created_at='2017-03-23 09:44:23', :created_by='46', :modified_at='2017-03-23 09:44:23', :modified_by='46', :pid='20170300100020002001002'.
in /var/www/html/timesheet/protected/models/PidMapping.php (148)
in /var/www/html/timesheet/protected/controllers/PidMappingController.php (144)
in /var/www/html/timesheet/index.php (35)
2017/03/23 21:45:52 [error] [system.db.CDbCommand] CDbCommand::execute() failed: SQLSTATE[42000]: Syntax error or access violation: 1064 You have an error in your SQL syntax; check the manual that corresponds to your MySQL server version for the right syntax to use near 'year_month,project_id,sub_project_id,task_id,sub_task_id,status,created_at,creat' at line 1. The SQL statement executed was: insert into tbl_pid_mapping (year_month,project_id,sub_project_id,task_id,sub_task_id,status,created_at,created_by,modified_at,modified_by,pid)values (:year_month,:project_id,:sub_project_id,:task_id,:sub_task_id,:status, :created_at,:created_by,:modified_at,:modified_by,:pid). Bound with :year_month='201703', :project_id='001', :sub_project_id='0002', :task_id='001', :sub_task_id='002', :status='1', :created_at='2017-03-23 09:45:52', :created_by='46', :modified_at='2017-03-23 09:45:52', :modified_by='46', :pid='20170300100020002001002'.
in /var/www/html/timesheet/protected/models/PidMapping.php (148)
in /var/www/html/timesheet/protected/controllers/PidMappingController.php (144)
in /var/www/html/timesheet/index.php (35)
2017/03/23 21:50:01 [error] [system.db.CDbCommand] CDbCommand::execute() failed: SQLSTATE[42000]: Syntax error or access violation: 1064 You have an error in your SQL syntax; check the manual that corresponds to your MySQL server version for the right syntax to use near ''year_month','project_id','sub_project_id','task_id','sub_task_id','status','cre' at line 1. The SQL statement executed was: insert into tbl_pid_mapping ('year_month','project_id','sub_project_id','task_id','sub_task_id','status','created_at','created_by','modified_at','modified_by','pid')values (:year_month,:project_id,:sub_project_id,:task_id,:sub_task_id,:status,:created_at,:created_by,:modified_at,:modified_by,:pid). Bound with :year_month='201703', :project_id='001', :sub_project_id='0002', :task_id='001', :sub_task_id='002', :status='1', :created_at='2017-03-23 09:50:01', :created_by='46', :modified_at='2017-03-23 09:50:01', :modified_by='46', :pid='20170300100020002001002'.
in /var/www/html/timesheet/protected/models/PidMapping.php (148)
in /var/www/html/timesheet/protected/controllers/PidMappingController.php (144)
in /var/www/html/timesheet/index.php (35)
2017/03/23 21:50:33 [error] [system.db.CDbCommand] CDbCommand::execute() failed: SQLSTATE[42000]: Syntax error or access violation: 1064 You have an error in your SQL syntax; check the manual that corresponds to your MySQL server version for the right syntax to use near ''year_month','project_id','sub_project_id','task_id','sub_task_id','status','cre' at line 1. The SQL statement executed was:  insert into tbl_pid_mapping ('year_month','project_id','sub_project_id','task_id','sub_task_id','status','created_at','created_by','modified_at','modified_by','pid')values (:year_month,:project_id,:sub_project_id,:task_id,:sub_task_id,:status,:created_at,:created_by,:modified_at,:modified_by,:pid). Bound with :year_month='201703', :project_id='001', :sub_project_id='0002', :task_id='001', :sub_task_id='002', :status='1', :created_at='2017-03-23 09:50:33', :created_by='46', :modified_at='2017-03-23 09:50:33', :modified_by='46', :pid='20170300100020002001002'.
in /var/www/html/timesheet/protected/models/PidMapping.php (148)
in /var/www/html/timesheet/protected/controllers/PidMappingController.php (144)
in /var/www/html/timesheet/index.php (35)
2017/03/23 21:51:37 [error] [system.db.CDbCommand] CDbCommand::execute() failed: SQLSTATE[42000]: Syntax error or access violation: 1064 You have an error in your SQL syntax; check the manual that corresponds to your MySQL server version for the right syntax to use near 'year_month,project_id,sub_project_id,task_id,sub_task_id,status,created_at,creat' at line 1. The SQL statement executed was: insert into tbl_pid_mapping (year_month,project_id,sub_project_id,task_id,sub_task_id,status,created_at,created_by,modified_at,modified_by,pid)values (:year_month,:project_id,:sub_project_id,:task_id,:sub_task_id,:status, :created_at,:created_by,:modified_at,:modified_by,:pid). Bound with :year_month='201703', :project_id='001', :sub_project_id='0002', :task_id='001', :sub_task_id='002', :status='1', :created_at='2017-03-23 09:51:37', :created_by='46', :modified_at='2017-03-23 09:51:37', :modified_by='46', :pid='20170300100020002001002'.
in /var/www/html/timesheet/protected/models/PidMapping.php (148)
in /var/www/html/timesheet/protected/controllers/PidMappingController.php (144)
in /var/www/html/timesheet/index.php (35)
2017/03/24 11:26:35 [error] [system.db.CDbCommand] CDbCommand::execute() failed: SQLSTATE[42000]: Syntax error or access violation: 1064 You have an error in your SQL syntax; check the manual that corresponds to your MySQL server version for the right syntax to use near 'year_month,project_id,sub_project_id,task_id,sub_task_id,status,created_at,creat' at line 1. The SQL statement executed was: insert into tbl_pid_mapping (year_month,project_id,sub_project_id,task_id,sub_task_id,status,created_at,created_by,modified_at,modified_by,pid)values (:year_month,:project_id,:sub_project_id,:task_id,:sub_task_id,:status, :created_at,:created_by,:modified_at,:modified_by,:pid). Bound with :year_month='201703', :project_id='001', :sub_project_id='0002', :task_id='001', :sub_task_id='002', :status='1', :created_at='2017-03-24 11:26:35', :created_by='46', :modified_at='2017-03-24 11:26:35', :modified_by='46', :pid='20170300100020002001002'.
in /var/www/html/timesheet/protected/models/PidMapping.php (148)
in /var/www/html/timesheet/protected/controllers/PidMappingController.php (144)
in /var/www/html/timesheet/index.php (35)
2017/03/25 15:10:14 [error] [system.db.CDbCommand] CDbCommand::fetchAll() failed: SQLSTATE[42S22]: Column not found: 1054 Unknown column 't.id' in 'field list'. The SQL statement executed was: select distinct t.id,t.project_name from tbl_project_management as t where t.project_name!="".
in /var/www/html/timesheet/protected/models/Project.php (139)
in /var/www/html/timesheet/protected/views/pidApproval/_form.php (55)
in /var/www/html/timesheet/protected/views/pidApproval/create.php (18)
2017/03/25 15:54:56 [error] [system.db.CDbCommand] CDbCommand::fetch() failed: SQLSTATE[42000]: Syntax error or access violation: 1064 You have an error in your SQL syntax; check the manual that corresponds to your MySQL server version for the right syntax to use near '' at line 1. The SQL statement executed was: select allocated_resource from tbl_resource_allocation_project_work  where pid =.
in /var/www/html/timesheet/protected/controllers/ResourceAllocationProjectWorkController.php (717)
in /var/www/html/timesheet/index.php (35)
2017/03/25 15:55:14 [error] [system.db.CDbCommand] CDbCommand::fetch() failed: SQLSTATE[42000]: Syntax error or access violation: 1064 You have an error in your SQL syntax; check the manual that corresponds to your MySQL server version for the right syntax to use near '' at line 1. The SQL statement executed was: select allocated_resource from tbl_resource_allocation_project_work  where pid =.
in /var/www/html/timesheet/protected/controllers/ResourceAllocationProjectWorkController.php (717)
in /var/www/html/timesheet/index.php (35)
2017/03/25 15:55:20 [error] [system.db.CDbCommand] CDbCommand::fetch() failed: SQLSTATE[42000]: Syntax error or access violation: 1064 You have an error in your SQL syntax; check the manual that corresponds to your MySQL server version for the right syntax to use near '' at line 1. The SQL statement executed was: select allocated_resource from tbl_resource_allocation_project_work  where pid =.
in /var/www/html/timesheet/protected/controllers/ResourceAllocationProjectWorkController.php (717)
in /var/www/html/timesheet/index.php (35)
2017/03/25 15:58:29 [error] [system.db.CDbCommand] CDbCommand::fetchAll() failed: SQLSTATE[42000]: Syntax error or access violation: 1064 You have an error in your SQL syntax; check the manual that corresponds to your MySQL server version for the right syntax to use near '' at line 1. The SQL statement executed was: select spid,sub_project_name from tbl_sub_project where pid =.
in /var/www/html/timesheet/protected/controllers/ResourceAllocationProjectWorkController.php (708)
in /var/www/html/timesheet/index.php (35)
2017/03/25 16:40:13 [error] [system.db.CDbCommand] CDbCommand::fetchAll() failed: SQLSTATE[42000]: Syntax error or access violation: 1064 You have an error in your SQL syntax; check the manual that corresponds to your MySQL server version for the right syntax to use near ') order by first_name' at line 1. The SQL statement executed was: select emp_id,concat(first_name,' ',last_name) as name from tbl_employee  where emp_id in () order by first_name.
in /var/www/html/timesheet/protected/controllers/ResourceAllocationProjectWorkController.php (720)
in /var/www/html/timesheet/index.php (35)
2017/03/25 16:53:42 [error] [system.db.CDbCommand] CDbCommand::fetchAll() failed: SQLSTATE[42000]: Syntax error or access violation: 1064 You have an error in your SQL syntax; check the manual that corresponds to your MySQL server version for the right syntax to use near ') order by first_name' at line 1. The SQL statement executed was: select emp_id,concat(first_name,' ',last_name) as name from tbl_employee  where emp_id in () order by first_name.
in /var/www/html/timesheet/protected/controllers/ResourceAllocationProjectWorkController.php (720)
in /var/www/html/timesheet/index.php (35)
2017/03/25 17:27:31 [error] [system.db.CDbCommand] CDbCommand::fetchAll() failed: SQLSTATE[42000]: Syntax error or access violation: 1064 You have an error in your SQL syntax; check the manual that corresponds to your MySQL server version for the right syntax to use near ') order by first_name' at line 1. The SQL statement executed was: select emp_id,concat(first_name,' ',last_name) as name from tbl_employee  where emp_id in () order by first_name.
in /var/www/html/timesheet/protected/controllers/ResourceAllocationProjectWorkController.php (720)
in /var/www/html/timesheet/index.php (35)
2017/03/25 17:28:21 [error] [system.db.CDbCommand] CDbCommand::fetchAll() failed: SQLSTATE[42000]: Syntax error or access violation: 1064 You have an error in your SQL syntax; check the manual that corresponds to your MySQL server version for the right syntax to use near ') order by first_name' at line 1. The SQL statement executed was: select emp_id,concat(first_name,' ',last_name) as name from tbl_employee  where emp_id in () order by first_name.
in /var/www/html/timesheet/protected/controllers/ResourceAllocationProjectWorkController.php (720)
in /var/www/html/timesheet/index.php (35)
2017/03/25 18:31:07 [error] [system.db.CDbCommand] CDbCommand::fetchAll() failed: SQLSTATE[42S22]: Column not found: 1054 Unknown column 'sbpr.sub_project_name' in 'field list'. The SQL statement executed was: SELECT t.*,sbpr.sub_project_name  FROM `tbl_project_management` `t` ORDER BY t.pid DESC LIMIT 10.
in /var/www/html/timesheet/protected/views/projectManagement/admin.php (73)
in /var/www/html/timesheet/protected/controllers/ProjectManagementController.php (231)
in /var/www/html/timesheet/index.php (35)
2017/03/25 18:37:41 [error] [system.db.CDbCommand] CDbCommand::fetch() failed: SQLSTATE[42000]: Syntax error or access violation: 1064 You have an error in your SQL syntax; check the manual that corresponds to your MySQL server version for the right syntax to use near '' at line 1. The SQL statement executed was: select allocated_resource from tbl_resource_allocation_project_work  where pid =.
in /var/www/html/timesheet/protected/controllers/ResourceAllocationProjectWorkController.php (717)
in /var/www/html/timesheet/index.php (35)
2017/03/25 18:37:43 [error] [system.db.CDbCommand] CDbCommand::fetch() failed: SQLSTATE[42000]: Syntax error or access violation: 1064 You have an error in your SQL syntax; check the manual that corresponds to your MySQL server version for the right syntax to use near '' at line 1. The SQL statement executed was: select allocated_resource from tbl_resource_allocation_project_work  where pid =.
in /var/www/html/timesheet/protected/controllers/ResourceAllocationProjectWorkController.php (717)
in /var/www/html/timesheet/index.php (35)
2017/03/25 18:37:44 [error] [system.db.CDbCommand] CDbCommand::fetch() failed: SQLSTATE[42000]: Syntax error or access violation: 1064 You have an error in your SQL syntax; check the manual that corresponds to your MySQL server version for the right syntax to use near '' at line 1. The SQL statement executed was: select allocated_resource from tbl_resource_allocation_project_work  where pid =.
in /var/www/html/timesheet/protected/controllers/ResourceAllocationProjectWorkController.php (717)
in /var/www/html/timesheet/index.php (35)
2017/03/27 17:33:04 [error] [system.db.CDbCommand] CDbCommand::fetchAll() failed: SQLSTATE[42000]: Syntax error or access violation: 1064 You have an error in your SQL syntax; check the manual that corresponds to your MySQL server version for the right syntax to use near 'hours,pm.project_name as Program ,sb.sub_project_name as Project ,sb.estimated_e' at line 1. The SQL statement executed was: SELECT concat(em.first_name,' ',em.last_name) as name,sum(hours) as Consumed hours,pm.project_name as Program ,sb.sub_project_name as Project ,sb.estimated_end_date,sb.estimated_start_date,sb.total_hr_estimation_hour as Aproved hour,sb.Priority 
from tbl_employee em,tbl_day_comment as da,tbl_sub_project as sb,tbl_project_management as pm 
WHERE em.emp_id=da.emp_id AND da.spid=sb.spid AND da.pid=pm.pid 
group by da.spid order by em.emp_id.
in /var/www/html/timesheet/protected/controllers/ResourceAllocationProjectWorkController.php (257)
in /var/www/html/timesheet/index.php (35)
2017/03/27 20:21:16 [error] [system.db.CDbCommand] CDbCommand::fetchAll() failed: SQLSTATE[23000]: Integrity constraint violation: 1052 Column 'task_id' in where clause is ambiguous. The SQL statement executed was: select concat(em.first_name,' ',em.last_name) as employee,pm.project_name,sp.sub_project_name,t.task_name  from tbl_sub_task as st , tbl_employee as em ,tbl_project_management as pm , tbl_sub_project as sp , tbl_task as t
where st.emp_id = em.emp_id and st.project_id = pm.pid and st.sub_project_id = sp.spid and st.task_id = t.task_id  AND task_id = '' .
in /var/www/html/timesheet/protected/controllers/SubTaskController.php (156)
in /var/www/html/timesheet/index.php (35)
2017/03/27 20:21:23 [error] [system.db.CDbCommand] CDbCommand::fetchAll() failed: SQLSTATE[23000]: Integrity constraint violation: 1052 Column 'task_id' in where clause is ambiguous. The SQL statement executed was: select concat(em.first_name,' ',em.last_name) as employee,pm.project_name,sp.sub_project_name,t.task_name  from tbl_sub_task as st , tbl_employee as em ,tbl_project_management as pm , tbl_sub_project as sp , tbl_task as t
where st.emp_id = em.emp_id and st.project_id = pm.pid and st.sub_project_id = sp.spid and st.task_id = t.task_id  AND sub_project_id = '' AND task_id = '' .
in /var/www/html/timesheet/protected/controllers/SubTaskController.php (156)
in /var/www/html/timesheet/index.php (35)
2017/03/27 20:21:27 [error] [system.db.CDbCommand] CDbCommand::fetchAll() failed: SQLSTATE[23000]: Integrity constraint violation: 1052 Column 'task_id' in where clause is ambiguous. The SQL statement executed was: select concat(em.first_name,' ',em.last_name) as employee,pm.project_name,sp.sub_project_name,t.task_name  from tbl_sub_task as st , tbl_employee as em ,tbl_project_management as pm , tbl_sub_project as sp , tbl_task as t
where st.emp_id = em.emp_id and st.project_id = pm.pid and st.sub_project_id = sp.spid and st.task_id = t.task_id  AND sub_project_id = '' AND task_id = '' .
in /var/www/html/timesheet/protected/controllers/SubTaskController.php (156)
in /var/www/html/timesheet/index.php (35)
2017/03/27 21:28:16 [error] [system.db.CDbCommand] CDbCommand::execute() failed: SQLSTATE[23000]: Integrity constraint violation: 1452 Cannot add or update a child row: a foreign key constraint fails (`db_rjilautots_dev`.`tbl_sub_task`, CONSTRAINT `tbl_sub_task_ibfk_2` FOREIGN KEY (`emp_id`) REFERENCES `tbl_employee` (`emp_id`)). The SQL statement executed was: INSERT INTO `tbl_sub_task` (`status`, `is_approved`, `is_delete`, `pid_approval_id`, `project_id`, `sub_project_id`, `task_id`, `sub_task_name`, `est_hrs`, `created_by`, `created_at`) VALUES (:yp0, :yp1, :yp2, :yp3, :yp4, :yp5, :yp6, :yp7, :yp8, :yp9, :yp10). Bound with :yp0=1, :yp1=0, :yp2=0, :yp3=50, :yp4=9, :yp5=6, :yp6=4, :yp7='czdvv', :yp8=5, :yp9=46, :yp10='2017-03-27 09:28:16'.
in /var/www/html/timesheet/protected/controllers/PidApprovalController.php (104)
in /var/www/html/timesheet/index.php (35)
2017/03/27 21:31:33 [error] [system.db.CDbCommand] CDbCommand::execute() failed: SQLSTATE[23000]: Integrity constraint violation: 1452 Cannot add or update a child row: a foreign key constraint fails (`db_rjilautots_dev`.`tbl_sub_task`, CONSTRAINT `tbl_sub_task_ibfk_2` FOREIGN KEY (`emp_id`) REFERENCES `tbl_employee` (`emp_id`)). The SQL statement executed was: INSERT INTO `tbl_sub_task` (`status`, `is_approved`, `is_delete`, `pid_approval_id`, `task_id`, `sub_task_name`, `est_hrs`, `created_by`, `created_at`) VALUES (:yp0, :yp1, :yp2, :yp3, :yp4, :yp5, :yp6, :yp7, :yp8). Bound with :yp0=1, :yp1=0, :yp2=0, :yp3=51, :yp4=5, :yp5='de', :yp6=4, :yp7=46, :yp8='2017-03-27 09:31:33'.
in /var/www/html/timesheet/protected/controllers/PidApprovalController.php (99)
in /var/www/html/timesheet/index.php (35)
2017/03/27 22:37:53 [error] [system.db.CDbCommand] CDbCommand::execute() failed: SQLSTATE[23000]: Integrity constraint violation: 1452 Cannot add or update a child row: a foreign key constraint fails (`db_rjilautots_dev`.`tbl_sub_task`, CONSTRAINT `tbl_sub_task_ibfk_2` FOREIGN KEY (`emp_id`) REFERENCES `tbl_employee` (`emp_id`)). The SQL statement executed was: INSERT INTO `tbl_sub_task` (`status`, `is_approved`, `is_delete`, `pid_approval_id`, `project_id`, `sub_project_id`, `task_id`, `sub_task_name`, `est_hrs`, `created_by`, `created_at`) VALUES (:yp0, :yp1, :yp2, :yp3, :yp4, :yp5, :yp6, :yp7, :yp8, :yp9, :yp10). Bound with :yp0=1, :yp1=0, :yp2=0, :yp3=61, :yp4=9, :yp5=141, :yp6=5, :yp7='test', :yp8=20, :yp9=46, :yp10='2017-03-27 10:37:53'.
in /var/www/html/timesheet/protected/controllers/PidApprovalController.php (110)
in /var/www/html/timesheet/index.php (35)
2017/03/28 12:07:57 [error] [system.db.CDbCommand] CDbCommand::fetchAll() failed: SQLSTATE[42000]: Syntax error or access violation: 1064 You have an error in your SQL syntax; check the manual that corresponds to your MySQL server version for the right syntax to use near ') order by first_name' at line 1. The SQL statement executed was: select emp_id,concat(first_name,' ',last_name) as name from tbl_employee  where emp_id in () order by first_name.
in /var/www/html/timesheet/protected/controllers/ResourceAllocationProjectWorkController.php (723)
in /var/www/html/timesheet/index.php (35)
2017/03/28 14:49:03 [error] [system.db.CDbCommand] CDbCommand::fetchAll() failed: SQLSTATE[42000]: Syntax error or access violation: 1064 You have an error in your SQL syntax; check the manual that corresponds to your MySQL server version for the right syntax to use near ') order by first_name' at line 1. The SQL statement executed was: select emp_id,concat(first_name,' ',last_name) as name from tbl_employee  where emp_id in () order by first_name.
in /var/www/html/timesheet/protected/controllers/ResourceAllocationProjectWorkController.php (723)
in /var/www/html/timesheet/index.php (35)
2017/03/28 14:51:42 [error] [system.db.CDbCommand] CDbCommand::fetchAll() failed: SQLSTATE[42000]: Syntax error or access violation: 1064 You have an error in your SQL syntax; check the manual that corresponds to your MySQL server version for the right syntax to use near ') order by first_name' at line 1. The SQL statement executed was: select emp_id,concat(first_name,' ',last_name) as name from tbl_employee  where emp_id in () order by first_name.
in /var/www/html/timesheet/protected/controllers/ResourceAllocationProjectWorkController.php (723)
in /var/www/html/timesheet/index.php (35)
2017/03/28 15:51:26 [error] [system.db.CDbCommand] CDbCommand::execute() failed: SQLSTATE[23000]: Integrity constraint violation: 1452 Cannot add or update a child row: a foreign key constraint fails (`db_rjilautots_dev`.`tbl_sub_task`, CONSTRAINT `tbl_sub_task_ibfk_2` FOREIGN KEY (`emp_id`) REFERENCES `tbl_employee` (`emp_id`)). The SQL statement executed was: INSERT INTO `tbl_sub_task` (`status`, `is_approved`, `is_delete`, `pid_approval_id`, `project_id`, `sub_project_id`, `task_id`, `sub_task_name`, `est_hrs`, `created_by`, `created_at`) VALUES (:yp0, :yp1, :yp2, :yp3, :yp4, :yp5, :yp6, :yp7, :yp8, :yp9, :yp10). Bound with :yp0=1, :yp1=0, :yp2=0, :yp3=69, :yp4=9, :yp5=5, :yp6=4, :yp7='build', :yp8=5, :yp9=46, :yp10='2017-03-28 03:51:26'.
in /var/www/html/timesheet/protected/controllers/PidApprovalController.php (110)
in /var/www/html/timesheet/index.php (35)
2017/03/28 16:02:54 [error] [system.db.CDbCommand] CDbCommand::execute() failed: SQLSTATE[23000]: Integrity constraint violation: 1452 Cannot add or update a child row: a foreign key constraint fails (`db_rjilautots_dev`.`tbl_sub_task`, CONSTRAINT `tbl_sub_task_ibfk_2` FOREIGN KEY (`emp_id`) REFERENCES `tbl_employee` (`emp_id`)). The SQL statement executed was: INSERT INTO `tbl_sub_task` (`status`, `is_approved`, `is_delete`, `s_task_id`, `pid_approval_id`, `project_id`, `sub_project_id`, `task_id`, `emp_id`, `sub_task_name`, `est_hrs`, `created_by`, `created_at`, `stask_id`, `description`) VALUES (:status_0, :is_approved_0, :is_delete_0, :s_task_id_0, :pid_approval_id_0, :project_id_0, :sub_project_id_0, :task_id_0, :emp_id_0, :sub_task_name_0, :est_hrs_0, :created_by_0, :created_at_0, :stask_id_0, :description_0), (:status_1, :is_approved_1, :is_delete_1, :s_task_id_1, :pid_approval_id_1, :project_id_1, :sub_project_id_1, :task_id_1, :emp_id_1, :sub_task_name_1, :est_hrs_1, :created_by_1, :created_at_1, :stask_id_1, :description_1), (:status_2, :is_approved_2, :is_delete_2, :s_task_id_2, :pid_approval_id_2, :project_id_2, :sub_project_id_2, :task_id_2, :emp_id_2, :sub_task_name_2, :est_hrs_2, :created_by_2, :created_at_2, :stask_id_2, :description_2). Bound with :status_0=1, :is_approved_0=0, :is_delete_0=0, :s_task_id_0=1, :pid_approval_id_0=NULL, :project_id_0=9, :sub_project_id_0=18, :task_id_0=4, :emp_id_0='2073', :sub_task_name_0='nip', :est_hrs_0=8, :created_by_0=46, :created_at_0='2017-03-28 04:02:54', :stask_id_0=NULL, :description_0=NULL, :status_1=1, :is_approved_1=0, :is_delete_1=0, :s_task_id_1=2, :pid_approval_id_1=NULL, :project_id_1=9, :sub_project_id_1=18, :task_id_1=4, :emp_id_1=NULL, :sub_task_name_1='data', :est_hrs_1=8, :created_by_1=46, :created_at_1='2017-03-28 04:02:54', :stask_id_1=NULL, :description_1=NULL, :status_2=1, :is_approved_2=0, :is_delete_2=0, :s_task_id_2=3, :pid_approval_id_2=NULL, :project_id_2=9, :sub_project_id_2=18, :task_id_2=5, :emp_id_2=NULL, :sub_task_name_2='testing', :est_hrs_2=8, :created_by_2=46, :created_at_2='2017-03-28 04:02:54', :stask_id_2=NULL, :description_2=NULL.
in /var/www/html/timesheet/protected/controllers/PidApprovalController.php (119)
in /var/www/html/timesheet/index.php (35)
2017/03/28 16:04:47 [error] [system.db.CDbCommand] CDbCommand::execute() failed: SQLSTATE[23000]: Integrity constraint violation: 1452 Cannot add or update a child row: a foreign key constraint fails (`db_rjilautots_dev`.`tbl_sub_task`, CONSTRAINT `tbl_sub_task_ibfk_2` FOREIGN KEY (`emp_id`) REFERENCES `tbl_employee` (`emp_id`)). The SQL statement executed was: INSERT INTO `tbl_sub_task` (`status`, `is_approved`, `is_delete`, `s_task_id`, `pid_approval_id`, `project_id`, `sub_project_id`, `task_id`, `emp_id`, `sub_task_name`, `est_hrs`, `created_by`, `created_at`, `stask_id`, `description`) VALUES (:status_0, :is_approved_0, :is_delete_0, :s_task_id_0, :pid_approval_id_0, :project_id_0, :sub_project_id_0, :task_id_0, :emp_id_0, :sub_task_name_0, :est_hrs_0, :created_by_0, :created_at_0, :stask_id_0, :description_0), (:status_1, :is_approved_1, :is_delete_1, :s_task_id_1, :pid_approval_id_1, :project_id_1, :sub_project_id_1, :task_id_1, :emp_id_1, :sub_task_name_1, :est_hrs_1, :created_by_1, :created_at_1, :stask_id_1, :description_1), (:status_2, :is_approved_2, :is_delete_2, :s_task_id_2, :pid_approval_id_2, :project_id_2, :sub_project_id_2, :task_id_2, :emp_id_2, :sub_task_name_2, :est_hrs_2, :created_by_2, :created_at_2, :stask_id_2, :description_2). Bound with :status_0=1, :is_approved_0=0, :is_delete_0=0, :s_task_id_0=1, :pid_approval_id_0=NULL, :project_id_0=9, :sub_project_id_0=18, :task_id_0=4, :emp_id_0='2073', :sub_task_name_0='nip', :est_hrs_0=8, :created_by_0=46, :created_at_0='2017-03-28 04:04:47', :stask_id_0=NULL, :description_0=NULL, :status_1=1, :is_approved_1=0, :is_delete_1=0, :s_task_id_1=2, :pid_approval_id_1=NULL, :project_id_1=9, :sub_project_id_1=18, :task_id_1=4, :emp_id_1=NULL, :sub_task_name_1='data', :est_hrs_1=8, :created_by_1=46, :created_at_1='2017-03-28 04:04:47', :stask_id_1=NULL, :description_1=NULL, :status_2=1, :is_approved_2=0, :is_delete_2=0, :s_task_id_2=3, :pid_approval_id_2=NULL, :project_id_2=9, :sub_project_id_2=18, :task_id_2=5, :emp_id_2=NULL, :sub_task_name_2='testing', :est_hrs_2=8, :created_by_2=46, :created_at_2='2017-03-28 04:04:47', :stask_id_2=NULL, :description_2=NULL.
in /var/www/html/timesheet/protected/controllers/PidApprovalController.php (119)
in /var/www/html/timesheet/index.php (35)
2017/03/28 16:10:50 [error] [system.db.CDbCommand] CDbCommand::execute() failed: SQLSTATE[23000]: Integrity constraint violation: 1452 Cannot add or update a child row: a foreign key constraint fails (`db_rjilautots_dev`.`tbl_sub_task`, CONSTRAINT `tbl_sub_task_ibfk_2` FOREIGN KEY (`emp_id`) REFERENCES `tbl_employee` (`emp_id`)). The SQL statement executed was: INSERT INTO `tbl_sub_task` (`status`, `is_approved`, `is_delete`, `s_task_id`, `project_id`, `sub_project_id`, `task_id`, `sub_task_name`, `est_hrs`, `created_by`, `created_at`) VALUES (:yp0, :yp1, :yp2, :yp3, :yp4, :yp5, :yp6, :yp7, :yp8, :yp9, :yp10). Bound with :yp0=1, :yp1=0, :yp2=0, :yp3=2, :yp4=9, :yp5=20, :yp6=5, :yp7='', :yp8=10, :yp9=46, :yp10='2017-03-28 04:10:50'.
in /var/www/html/timesheet/protected/controllers/PidApprovalController.php (113)
in /var/www/html/timesheet/index.php (35)
2017/04/12 22:35:49 [error] [system.db.CDbCommand] CDbCommand::execute() failed: SQLSTATE[23000]: Integrity constraint violation: 1062 Duplicate entry '2017040090249001001' for key 'pid_UNIQUE'. The SQL statement executed was: INSERT INTO `tbl_pid_mapping` (`year_month`, `project_id`, `sub_project_id`, `task_id`, `sub_task_id`, `pid`, `status`, `created_at`, `created_by`, `modified_at`, `modified_by`, `id`) VALUES (:year_month_0, :project_id_0, :sub_project_id_0, :task_id_0, :sub_task_id_0, :pid_0, :status_0, :created_at_0, :created_by_0, :modified_at_0, :modified_by_0, :id_0), (:year_month_1, :project_id_1, :sub_project_id_1, :task_id_1, :sub_task_id_1, :pid_1, :status_1, :created_at_1, :created_by_1, :modified_at_1, :modified_by_1, :id_1), (:year_month_2, :project_id_2, :sub_project_id_2, :task_id_2, :sub_task_id_2, :pid_2, :status_2, :created_at_2, :created_by_2, :modified_at_2, :modified_by_2, :id_2), (:year_month_3, :project_id_3, :sub_project_id_3, :task_id_3, :sub_task_id_3, :pid_3, :status_3, :created_at_3, :created_by_3, :modified_at_3, :modified_by_3, :id_3). Bound with :year_month_0='201704', :project_id_0=9, :sub_project_id_0=249, :task_id_0=1, :sub_task_id_0=1, :pid_0='2017040090249001001', :status_0=1, :created_at_0='2017-04-12 10:35:49', :created_by_0=2083, :modified_at_0='2017-04-12 10:35:49', :modified_by_0=2083, :id_0=NULL, :year_month_1='201704', :project_id_1=9, :sub_project_id_1=249, :task_id_1=9, :sub_task_id_1=2, :pid_1='2017040090249009002', :status_1=1, :created_at_1='2017-04-12 10:35:49', :created_by_1=2083, :modified_at_1='2017-04-12 10:35:49', :modified_by_1=2083, :id_1=NULL, :year_month_2='201704', :project_id_2=9, :sub_project_id_2=249, :task_id_2=1, :sub_task_id_2=3, :pid_2='2017040090249001003', :status_2=1, :created_at_2='2017-04-12 10:35:49', :created_by_2=2083, :modified_at_2='2017-04-12 10:35:49', :modified_by_2=2083, :id_2=NULL, :year_month_3='201704', :project_id_3=9, :sub_project_id_3=249, :task_id_3=9, :sub_task_id_3=4, :pid_3='2017040090249009004', :status_3=1, :created_at_3='2017-04-12 10:35:49', :created_by_3=2083, :modified_at_3='2017-04-12 10:35:49', :modified_by_3=2083, :id_3=NULL.
in /var/www/html/timesheet/protected/models/PidMapping.php (167)
in /var/www/html/timesheet/protected/controllers/PidMappingController.php (155)
in /var/www/html/timesheet/index.php (35)
2017/04/12 22:36:06 [error] [system.db.CDbCommand] CDbCommand::execute() failed: SQLSTATE[23000]: Integrity constraint violation: 1062 Duplicate entry '2017040090249001001' for key 'pid_UNIQUE'. The SQL statement executed was: INSERT INTO `tbl_pid_mapping` (`year_month`, `project_id`, `sub_project_id`, `task_id`, `sub_task_id`, `pid`, `status`, `created_at`, `created_by`, `modified_at`, `modified_by`, `id`) VALUES (:year_month_0, :project_id_0, :sub_project_id_0, :task_id_0, :sub_task_id_0, :pid_0, :status_0, :created_at_0, :created_by_0, :modified_at_0, :modified_by_0, :id_0), (:year_month_1, :project_id_1, :sub_project_id_1, :task_id_1, :sub_task_id_1, :pid_1, :status_1, :created_at_1, :created_by_1, :modified_at_1, :modified_by_1, :id_1). Bound with :year_month_0='201704', :project_id_0=9, :sub_project_id_0=249, :task_id_0=1, :sub_task_id_0=1, :pid_0='2017040090249001001', :status_0=1, :created_at_0='2017-04-12 10:36:06', :created_by_0=2083, :modified_at_0='2017-04-12 10:36:06', :modified_by_0=2083, :id_0=NULL, :year_month_1='201704', :project_id_1=9, :sub_project_id_1=249, :task_id_1=2, :sub_task_id_1=2, :pid_1='2017040090249002002', :status_1=1, :created_at_1='2017-04-12 10:36:06', :created_by_1=2083, :modified_at_1='2017-04-12 10:36:06', :modified_by_1=2083, :id_1=NULL.
in /var/www/html/timesheet/protected/models/PidMapping.php (167)
in /var/www/html/timesheet/protected/controllers/PidMappingController.php (155)
in /var/www/html/timesheet/index.php (35)
2017/04/12 22:36:32 [error] [system.db.CDbCommand] CDbCommand::execute() failed: SQLSTATE[23000]: Integrity constraint violation: 1062 Duplicate entry '2017040090249001001' for key 'pid_UNIQUE'. The SQL statement executed was: INSERT INTO `tbl_pid_mapping` (`year_month`, `project_id`, `sub_project_id`, `task_id`, `sub_task_id`, `pid`, `status`, `created_at`, `created_by`, `modified_at`, `modified_by`, `id`) VALUES (:year_month_0, :project_id_0, :sub_project_id_0, :task_id_0, :sub_task_id_0, :pid_0, :status_0, :created_at_0, :created_by_0, :modified_at_0, :modified_by_0, :id_0), (:year_month_1, :project_id_1, :sub_project_id_1, :task_id_1, :sub_task_id_1, :pid_1, :status_1, :created_at_1, :created_by_1, :modified_at_1, :modified_by_1, :id_1). Bound with :year_month_0='201704', :project_id_0=9, :sub_project_id_0=249, :task_id_0=1, :sub_task_id_0=1, :pid_0='2017040090249001001', :status_0=1, :created_at_0='2017-04-12 10:36:32', :created_by_0=2083, :modified_at_0='2017-04-12 10:36:32', :modified_by_0=2083, :id_0=NULL, :year_month_1='201704', :project_id_1=9, :sub_project_id_1=249, :task_id_1=2, :sub_task_id_1=2, :pid_1='2017040090249002002', :status_1=1, :created_at_1='2017-04-12 10:36:32', :created_by_1=2083, :modified_at_1='2017-04-12 10:36:32', :modified_by_1=2083, :id_1=NULL.
in /var/www/html/timesheet/protected/models/PidMapping.php (167)
in /var/www/html/timesheet/protected/controllers/PidMappingController.php (155)
in /var/www/html/timesheet/index.php (35)
2017/04/12 22:36:49 [error] [system.db.CDbCommand] CDbCommand::execute() failed: SQLSTATE[23000]: Integrity constraint violation: 1062 Duplicate entry '2017040090289001001' for key 'pid_UNIQUE'. The SQL statement executed was: INSERT INTO `tbl_pid_mapping` (`year_month`, `project_id`, `sub_project_id`, `task_id`, `sub_task_id`, `pid`, `status`, `created_at`, `created_by`, `modified_at`, `modified_by`, `id`) VALUES (:year_month_0, :project_id_0, :sub_project_id_0, :task_id_0, :sub_task_id_0, :pid_0, :status_0, :created_at_0, :created_by_0, :modified_at_0, :modified_by_0, :id_0). Bound with :year_month_0='201704', :project_id_0=9, :sub_project_id_0=289, :task_id_0=1, :sub_task_id_0=1, :pid_0='2017040090289001001', :status_0=1, :created_at_0='2017-04-12 10:36:49', :created_by_0=2083, :modified_at_0='2017-04-12 10:36:49', :modified_by_0=2083, :id_0=NULL.
in /var/www/html/timesheet/protected/models/PidMapping.php (167)
in /var/www/html/timesheet/protected/controllers/PidMappingController.php (155)
in /var/www/html/timesheet/index.php (35)
2017/04/12 22:37:34 [error] [system.db.CDbCommand] CDbCommand::execute() failed: SQLSTATE[23000]: Integrity constraint violation: 1062 Duplicate entry '2017040090249001001' for key 'pid_UNIQUE'. The SQL statement executed was: INSERT INTO `tbl_pid_mapping` (`year_month`, `project_id`, `sub_project_id`, `task_id`, `sub_task_id`, `pid`, `status`, `created_at`, `created_by`, `modified_at`, `modified_by`, `id`) VALUES (:year_month_0, :project_id_0, :sub_project_id_0, :task_id_0, :sub_task_id_0, :pid_0, :status_0, :created_at_0, :created_by_0, :modified_at_0, :modified_by_0, :id_0), (:year_month_1, :project_id_1, :sub_project_id_1, :task_id_1, :sub_task_id_1, :pid_1, :status_1, :created_at_1, :created_by_1, :modified_at_1, :modified_by_1, :id_1). Bound with :year_month_0='201704', :project_id_0=9, :sub_project_id_0=249, :task_id_0=1, :sub_task_id_0=1, :pid_0='2017040090249001001', :status_0=1, :created_at_0='2017-04-12 10:37:34', :created_by_0=2083, :modified_at_0='2017-04-12 10:37:34', :modified_by_0=2083, :id_0=NULL, :year_month_1='201704', :project_id_1=9, :sub_project_id_1=249, :task_id_1=2, :sub_task_id_1=2, :pid_1='2017040090249002002', :status_1=1, :created_at_1='2017-04-12 10:37:34', :created_by_1=2083, :modified_at_1='2017-04-12 10:37:34', :modified_by_1=2083, :id_1=NULL.
in /var/www/html/timesheet/protected/models/PidMapping.php (167)
in /var/www/html/timesheet/protected/controllers/PidMappingController.php (155)
in /var/www/html/timesheet/index.php (35)
2017/04/14 15:23:58 [error] [system.db.CDbCommand] CDbCommand::fetch() failed: SQLSTATE[42S22]: Column not found: 1054 Unknown column 'st.pid_id' in 'field list'. The SQL statement executed was: select st.pid_id,st.project_id,st.sub_project_id,st.task_id,st.stask_id,pa.inception_date,st.emp_id from tbl_project_management as pm inner join tbl_sub_project as sp on (pm.pid = sp.pid ) inner join tbl_sub_task as st on(st.project_id = pm.pid) 
 inner join tbl_task as tt on (st.task_id = tt.task_id) inner join tbl_pid_approval as pa on(st.pid_approval_id = pa.pid_id ) inner join tbl_employee as em on (st.emp_id = em.emp_id) where  st.sub_project_id = sp.spid  .
in /var/www/html/timesheet/protected/controllers/PidApprovalController.php (262)
in /var/www/html/timesheet/index.php (35)
2017/04/14 15:24:00 [error] [system.db.CDbCommand] CDbCommand::fetch() failed: SQLSTATE[42S22]: Column not found: 1054 Unknown column 'st.pid_id' in 'field list'. The SQL statement executed was: select st.pid_id,st.project_id,st.sub_project_id,st.task_id,st.stask_id,pa.inception_date,st.emp_id from tbl_project_management as pm inner join tbl_sub_project as sp on (pm.pid = sp.pid ) inner join tbl_sub_task as st on(st.project_id = pm.pid) 
 inner join tbl_task as tt on (st.task_id = tt.task_id) inner join tbl_pid_approval as pa on(st.pid_approval_id = pa.pid_id ) inner join tbl_employee as em on (st.emp_id = em.emp_id) where  st.sub_project_id = sp.spid  .
in /var/www/html/timesheet/protected/controllers/PidApprovalController.php (262)
in /var/www/html/timesheet/index.php (35)
2017/04/14 15:31:49 [error] [system.db.CDbCommand] CDbCommand::fetchAll() failed: SQLSTATE[42000]: Syntax error or access violation: 1064 You have an error in your SQL syntax; check the manual that corresponds to your MySQL server version for the right syntax to use near '' at line 1. The SQL statement executed was: select t.* from tbl_pid_approval t where approved!=2 and approved!=0 AND pid_id = .
in /var/www/html/timesheet/protected/controllers/PidApprovalController.php (271)
in /var/www/html/timesheet/index.php (35)
2017/04/14 15:31:49 [error] [system.db.CDbCommand] CDbCommand::fetchAll() failed: SQLSTATE[42000]: Syntax error or access violation: 1064 You have an error in your SQL syntax; check the manual that corresponds to your MySQL server version for the right syntax to use near '' at line 1. The SQL statement executed was: select t.* from tbl_pid_approval t where approved!=2 and approved!=0 AND pid_id = .
in /var/www/html/timesheet/protected/controllers/PidApprovalController.php (271)
in /var/www/html/timesheet/index.php (35)
2017/04/14 15:31:55 [error] [system.db.CDbCommand] CDbCommand::fetchAll() failed: SQLSTATE[42000]: Syntax error or access violation: 1064 You have an error in your SQL syntax; check the manual that corresponds to your MySQL server version for the right syntax to use near '' at line 1. The SQL statement executed was: select t.* from tbl_pid_approval t where approved!=2 and approved!=0 AND pid_id = .
in /var/www/html/timesheet/protected/controllers/PidApprovalController.php (271)
in /var/www/html/timesheet/index.php (35)
2017/04/14 15:31:55 [error] [system.db.CDbCommand] CDbCommand::fetchAll() failed: SQLSTATE[42000]: Syntax error or access violation: 1064 You have an error in your SQL syntax; check the manual that corresponds to your MySQL server version for the right syntax to use near '' at line 1. The SQL statement executed was: select t.* from tbl_pid_approval t where approved!=2 and approved!=0 AND pid_id = .
in /var/www/html/timesheet/protected/controllers/PidApprovalController.php (271)
in /var/www/html/timesheet/index.php (35)
2017/04/14 15:56:10 [error] [system.db.CDbCommand] CDbCommand::fetchAll() failed: SQLSTATE[23000]: Integrity constraint violation: 1052 Column 'sub_project_id' in where clause is ambiguous. The SQL statement executed was: select t.*,st.task_id,st.stask_id,st.sub_task_name,st.emp_id,st.est_hrs from tbl_pid_approval as t inner join tbl_sub_task as st on(st.pid_approval_id = t.pid_id ) 
  				 where approved!=2 and approved!=0  AND sub_project_id =293.
in /var/www/html/timesheet/protected/controllers/PidApprovalController.php (291)
in /var/www/html/timesheet/index.php (35)
2017/04/14 15:56:11 [error] [system.db.CDbCommand] CDbCommand::fetchAll() failed: SQLSTATE[23000]: Integrity constraint violation: 1052 Column 'sub_project_id' in where clause is ambiguous. The SQL statement executed was: select t.*,st.task_id,st.stask_id,st.sub_task_name,st.emp_id,st.est_hrs from tbl_pid_approval as t inner join tbl_sub_task as st on(st.pid_approval_id = t.pid_id ) 
  				 where approved!=2 and approved!=0  AND sub_project_id =293.
in /var/www/html/timesheet/protected/controllers/PidApprovalController.php (291)
in /var/www/html/timesheet/index.php (35)
2017/04/14 16:12:37 [error] [system.db.CDbCommand] CDbCommand::fetchAll() failed: SQLSTATE[42000]: Syntax error or access violation: 1064 You have an error in your SQL syntax; check the manual that corresponds to your MySQL server version for the right syntax to use near '' at line 2. The SQL statement executed was: select t.*,st.task_id,st.stask_id,st.sub_task_name,st.emp_id,st.est_hrs from tbl_pid_approval as t inner join tbl_sub_task as st on(st.pid_approval_id = t.pid_id ) 
  				 where approved!=2 and approved!=0 AND st.emp_id = .
in /var/www/html/timesheet/protected/controllers/PidApprovalController.php (293)
in /var/www/html/timesheet/index.php (35)
2017/04/14 16:12:37 [error] [system.db.CDbCommand] CDbCommand::fetchAll() failed: SQLSTATE[42000]: Syntax error or access violation: 1064 You have an error in your SQL syntax; check the manual that corresponds to your MySQL server version for the right syntax to use near '' at line 2. The SQL statement executed was: select t.*,st.task_id,st.stask_id,st.sub_task_name,st.emp_id,st.est_hrs from tbl_pid_approval as t inner join tbl_sub_task as st on(st.pid_approval_id = t.pid_id ) 
  				 where approved!=2 and approved!=0 AND st.emp_id = .
in /var/www/html/timesheet/protected/controllers/PidApprovalController.php (293)
in /var/www/html/timesheet/index.php (35)
2017/04/14 16:13:00 [error] [system.db.CDbCommand] CDbCommand::fetchAll() failed: SQLSTATE[42000]: Syntax error or access violation: 1064 You have an error in your SQL syntax; check the manual that corresponds to your MySQL server version for the right syntax to use near '' at line 2. The SQL statement executed was: select t.*,st.task_id,st.stask_id,st.sub_task_name,st.emp_id,st.est_hrs from tbl_pid_approval as t inner join tbl_sub_task as st on(st.pid_approval_id = t.pid_id ) 
  				 where approved!=2 and approved!=0 AND st.emp_id = .
in /var/www/html/timesheet/protected/controllers/PidApprovalController.php (293)
in /var/www/html/timesheet/index.php (35)
2017/04/14 16:13:00 [error] [system.db.CDbCommand] CDbCommand::fetchAll() failed: SQLSTATE[42000]: Syntax error or access violation: 1064 You have an error in your SQL syntax; check the manual that corresponds to your MySQL server version for the right syntax to use near '' at line 2. The SQL statement executed was: select t.*,st.task_id,st.stask_id,st.sub_task_name,st.emp_id,st.est_hrs from tbl_pid_approval as t inner join tbl_sub_task as st on(st.pid_approval_id = t.pid_id ) 
  				 where approved!=2 and approved!=0 AND st.emp_id = .
in /var/www/html/timesheet/protected/controllers/PidApprovalController.php (293)
in /var/www/html/timesheet/index.php (35)
2017/04/14 16:14:40 [error] [system.db.CDbCommand] CDbCommand::fetchAll() failed: SQLSTATE[42000]: Syntax error or access violation: 1064 You have an error in your SQL syntax; check the manual that corresponds to your MySQL server version for the right syntax to use near '' at line 2. The SQL statement executed was: select t.*,st.task_id,st.stask_id,st.sub_task_name,st.emp_id,st.est_hrs from tbl_pid_approval as t inner join tbl_sub_task as st on(st.pid_approval_id = t.pid_id ) 
  				 where approved!=2 and approved!=0 AND st.emp_id = .
in /var/www/html/timesheet/protected/controllers/PidApprovalController.php (293)
in /var/www/html/timesheet/index.php (35)
2017/04/14 16:14:40 [error] [system.db.CDbCommand] CDbCommand::fetchAll() failed: SQLSTATE[42000]: Syntax error or access violation: 1064 You have an error in your SQL syntax; check the manual that corresponds to your MySQL server version for the right syntax to use near '' at line 2. The SQL statement executed was: select t.*,st.task_id,st.stask_id,st.sub_task_name,st.emp_id,st.est_hrs from tbl_pid_approval as t inner join tbl_sub_task as st on(st.pid_approval_id = t.pid_id ) 
  				 where approved!=2 and approved!=0 AND st.emp_id = .
in /var/www/html/timesheet/protected/controllers/PidApprovalController.php (293)
in /var/www/html/timesheet/index.php (35)
2017/04/14 16:15:36 [error] [system.db.CDbCommand] CDbCommand::fetchAll() failed: SQLSTATE[42000]: Syntax error or access violation: 1064 You have an error in your SQL syntax; check the manual that corresponds to your MySQL server version for the right syntax to use near '' at line 2. The SQL statement executed was: select t.*,st.task_id,st.stask_id,st.sub_task_name,st.emp_id,st.est_hrs from tbl_pid_approval as t inner join tbl_sub_task as st on(st.pid_approval_id = t.pid_id ) 
  				 where approved!=2 and approved!=0 AND st.emp_id = .
in /var/www/html/timesheet/protected/controllers/PidApprovalController.php (293)
in /var/www/html/timesheet/index.php (35)
2017/04/14 16:15:36 [error] [system.db.CDbCommand] CDbCommand::fetchAll() failed: SQLSTATE[42000]: Syntax error or access violation: 1064 You have an error in your SQL syntax; check the manual that corresponds to your MySQL server version for the right syntax to use near '' at line 2. The SQL statement executed was: select t.*,st.task_id,st.stask_id,st.sub_task_name,st.emp_id,st.est_hrs from tbl_pid_approval as t inner join tbl_sub_task as st on(st.pid_approval_id = t.pid_id ) 
  				 where approved!=2 and approved!=0 AND st.emp_id = .
in /var/www/html/timesheet/protected/controllers/PidApprovalController.php (293)
in /var/www/html/timesheet/index.php (35)
2017/04/14 16:17:55 [error] [system.db.CDbCommand] CDbCommand::fetchAll() failed: SQLSTATE[42000]: Syntax error or access violation: 1064 You have an error in your SQL syntax; check the manual that corresponds to your MySQL server version for the right syntax to use near '' at line 2. The SQL statement executed was: select t.*,st.task_id,st.stask_id,st.sub_task_name,st.emp_id,st.est_hrs from tbl_pid_approval as t inner join tbl_sub_task as st on(st.pid_approval_id = t.pid_id ) 
  				 where approved!=2 and approved!=0 AND st.emp_id = .
in /var/www/html/timesheet/protected/controllers/PidApprovalController.php (294)
in /var/www/html/timesheet/index.php (35)
2017/04/14 16:17:55 [error] [system.db.CDbCommand] CDbCommand::fetchAll() failed: SQLSTATE[42000]: Syntax error or access violation: 1064 You have an error in your SQL syntax; check the manual that corresponds to your MySQL server version for the right syntax to use near '' at line 2. The SQL statement executed was: select t.*,st.task_id,st.stask_id,st.sub_task_name,st.emp_id,st.est_hrs from tbl_pid_approval as t inner join tbl_sub_task as st on(st.pid_approval_id = t.pid_id ) 
  				 where approved!=2 and approved!=0 AND st.emp_id = .
in /var/www/html/timesheet/protected/controllers/PidApprovalController.php (294)
in /var/www/html/timesheet/index.php (35)
2017/04/15 12:48:25 [error] [system.db.CDbCommand] CDbCommand::fetch() failed: SQLSTATE[42S22]: Column not found: 1054 Unknown column 's_task_id' in 'where clause'. The SQL statement executed was: select hours from tbl_day_comment where s_task_id =34 and emp_id = 46.
in /var/www/html/timesheet/protected/controllers/DayCommentController.php (873)
in /var/www/html/timesheet/index.php (35)
2017/04/15 13:00:55 [error] [system.db.CDbCommand] CDbCommand::fetch() failed: SQLSTATE[42000]: Syntax error or access violation: 1064 You have an error in your SQL syntax; check the manual that corresponds to your MySQL server version for the right syntax to use near 'and emp_id = 46' at line 1. The SQL statement executed was: select spid from tbl_day_comment where spid = and emp_id = 46.
in /var/www/html/timesheet/protected/controllers/DayCommentController.php (809)
in /var/www/html/timesheet/index.php (35)
2017/04/15 13:01:59 [error] [system.db.CDbCommand] CDbCommand::fetch() failed: SQLSTATE[42000]: Syntax error or access violation: 1064 You have an error in your SQL syntax; check the manual that corresponds to your MySQL server version for the right syntax to use near 'and emp_id = 46' at line 1. The SQL statement executed was: select spid from tbl_day_comment where spid = and emp_id = 46.
in /var/www/html/timesheet/protected/controllers/DayCommentController.php (809)
in /var/www/html/timesheet/index.php (35)
2017/04/15 13:10:08 [error] [system.db.CDbCommand] CDbCommand::fetch() failed: SQLSTATE[42000]: Syntax error or access violation: 1064 You have an error in your SQL syntax; check the manual that corresponds to your MySQL server version for the right syntax to use near 'group by da.spid order by em.emp_id' at line 5. The SQL statement executed was: SELECT sum(hours) as hours ,sb.total_hr_estimation_hour,sb.spid,sb.sub_project_name
from tbl_day_comment as da right join tbl_sub_project as sb on (da.spid=sb.spid ) right join
tbl_project_management as pm on (da.pid=pm.pid) right join tbl_employee em on (da.emp_id=em.emp_id)
WHERE  da.emp_id =46 and da.spid =  
               group by da.spid order by em.emp_id.
in /var/www/html/timesheet/protected/controllers/DayCommentController.php (829)
in /var/www/html/timesheet/index.php (35)
2017/04/18 11:13:44 [error] [system.db.CDbCommand] CDbCommand::fetchAll() failed: SQLSTATE[42S02]: Base table or view not found: 1146 Table 'db_rjilautots_dev.tbl_pid_approval' doesn't exist. The SQL statement executed was: SHOW FULL COLUMNS FROM `db_rjilautots_dev`.`tbl_pid_approval`.
in /var/www/html/timesheet/protected/controllers/PidApprovalController.php (68)
in /var/www/html/timesheet/index.php (35)
2017/04/18 11:41:08 [error] [system.db.CDbCommand] CDbCommand::fetchAll() failed: SQLSTATE[42S02]: Base table or view not found: 1146 Table 'db_rjilautots_dev.tbl_pid_approval' doesn't exist. The SQL statement executed was: SHOW FULL COLUMNS FROM `db_rjilautots_dev`.`tbl_pid_approval`.
in /var/www/html/timesheet/protected/controllers/PidApprovalController.php (68)
in /var/www/html/timesheet/index.php (35)
2017/04/18 11:41:10 [error] [system.db.CDbCommand] CDbCommand::fetchAll() failed: SQLSTATE[42S02]: Base table or view not found: 1146 Table 'db_rjilautots_dev.tbl_pid_approval' doesn't exist. The SQL statement executed was: SHOW FULL COLUMNS FROM `db_rjilautots_dev`.`tbl_pid_approval`.
in /var/www/html/timesheet/protected/controllers/PidApprovalController.php (68)
in /var/www/html/timesheet/index.php (35)
2017/04/18 11:47:00 [error] [system.db.CDbCommand] CDbCommand::fetchAll() failed: SQLSTATE[42S02]: Base table or view not found: 1146 Table 'db_rjilautots_dev.tbl_pid_approval' doesn't exist. The SQL statement executed was: SHOW FULL COLUMNS FROM `db_rjilautots_dev`.`tbl_pid_approval`.
in /var/www/html/timesheet/protected/controllers/PidApprovalController.php (68)
in /var/www/html/timesheet/index.php (35)
2017/04/18 11:49:10 [error] [system.db.CDbCommand] CDbCommand::fetchAll() failed: SQLSTATE[42S02]: Base table or view not found: 1146 Table 'db_rjilautots_dev.tbl_pid_approval' doesn't exist. The SQL statement executed was: SHOW FULL COLUMNS FROM `db_rjilautots_dev`.`tbl_pid_approval`.
in /var/www/html/timesheet/protected/controllers/PidApprovalController.php (68)
in /var/www/html/timesheet/index.php (35)
2017/04/18 11:53:27 [error] [system.db.CDbCommand] CDbCommand::fetchAll() failed: SQLSTATE[42S02]: Base table or view not found: 1146 Table 'db_rjilautots_dev.tbl_pid_approval' doesn't exist. The SQL statement executed was: SHOW FULL COLUMNS FROM `db_rjilautots_dev`.`tbl_pid_approval`.
in /var/www/html/timesheet/protected/controllers/PidApprovalController.php (68)
in /var/www/html/timesheet/index.php (35)
2017/04/18 12:23:15 [error] [system.db.CDbCommand] CDbCommand::fetchAll() failed: SQLSTATE[42S02]: Base table or view not found: 1146 Table 'db_rjilautots_dev.tbl_pid_approval' doesn't exist. The SQL statement executed was: SHOW FULL COLUMNS FROM `db_rjilautots_dev`.`tbl_pid_approval`.
in /var/www/html/timesheet/protected/controllers/PidApprovalController.php (68)
in /var/www/html/timesheet/index.php (35)
2017/04/19 12:22:10 [error] [system.db.CDbCommand] CDbCommand::execute() failed: SQLSTATE[22001]: String data, right truncated: 1406 Data too long for column 'status' at row 1. The SQL statement executed was: INSERT INTO `tbl_sub_project` (`is_deleted`, `pid`, `sub_project_name`, `sub_project_description`, `requester`, `status`, `Priority`, `created_date`, `created_by`) VALUES (:yp0, :yp1, :yp2, :yp3, :yp4, :yp5, :yp6, :yp7, :yp8). Bound with :yp0=0, :yp1=9, :yp2='testing', :yp3='testing', :yp4='sachin', :yp5='Newly Created', :yp6=3, :yp7='2017-04-19 12:22:10', :yp8=46.
in /var/www/html/timesheet/protected/controllers/SubProjectController.php (74)
in /var/www/html/timesheet/index.php (35)
2017/04/21 15:45:14 [error] [system.db.CDbCommand] CDbCommand::fetchAll() failed: SQLSTATE[42S02]: Base table or view not found: 1146 Table 'db_rjilautots_dev.tbl_pid_approval' doesn't exist. The SQL statement executed was: SHOW FULL COLUMNS FROM `db_rjilautots_dev`.`tbl_pid_approval`.
in /var/www/html/timesheet/protected/views/pidApproval/index.php (20)
in /var/www/html/timesheet/protected/controllers/PidApprovalController.php (221)
in /var/www/html/timesheet/index.php (35)
2017/04/24 16:01:37 [error] [system.db.CDbCommand] CDbCommand::fetchAll() failed: SQLSTATE[42000]: Syntax error or access violation: 1055 Expression #3 of SELECT list is not in GROUP BY clause and contains nonaggregated column 'timesheet.st.stask_id' which is not functionally dependent on columns in GROUP BY clause; this is incompatible with sql_mode=only_full_group_by. The SQL statement executed was: select st.sub_project_id,sp.sub_project_name,st.stask_id  from tbl_sub_task as st inner join tbl_pid_approval as pa on (st.pid_approval_id = pa.pid_id) inner join tbl_sub_project as sp on (sp.spid = st.sub_project_id)
where st.project_id = 9 and st.emp_id = 46 group by st.sub_project_id.
in /var/www/html/timesheet/protected/controllers/DayCommentController.php (970)
in /var/www/html/timesheet/protected/controllers/DayCommentController.php (229)
in /var/www/html/timesheet/index.php (35)
2017/04/24 16:46:33 [error] [system.db.CDbCommand] CDbCommand::fetchAll() failed: SQLSTATE[42000]: Syntax error or access violation: 1055 Expression #1 of SELECT list is not in GROUP BY clause and contains nonaggregated column 'timesheet.em.first_name' which is not functionally dependent on columns in GROUP BY clause; this is incompatible with sql_mode=only_full_group_by. The SQL statement executed was: select concat(first_name,' ',last_name) as name,project_name as Program ,sub_project_name as Project ,sub_task_name as Task,est_hrs as Estimated_hours,time(sum(hours)) as consumed_hours from tbl_day_comment as dc inner join tbl_sub_task as st on (dc.stask_id = st.stask_id) 
inner join tbl_sub_project as sp on (dc.spid= sp.spid) 
inner join tbl_project_management as pp on (pp.pid = dc.pid)
inner join tbl_employee as em on (dc.emp_id = em.emp_id) 
group by dc.stask_id order by em.emp_id;.
in /var/www/html/timesheet/protected/controllers/ResourceAllocationProjectWorkController.php (264)
in /var/www/html/timesheet/index.php (35)
2017/04/24 16:47:39 [error] [system.db.CDbCommand] CDbCommand::fetchAll() failed: SQLSTATE[42000]: Syntax error or access violation: 1055 Expression #1 of SELECT list is not in GROUP BY clause and contains nonaggregated column 'timesheet.em.first_name' which is not functionally dependent on columns in GROUP BY clause; this is incompatible with sql_mode=only_full_group_by. The SQL statement executed was: select concat(first_name,' ',last_name) as name,project_name as Program ,sub_project_name as Project ,sub_task_name as Task,est_hrs as Estimated_hours,time(sum(hours)) as consumed_hours from tbl_day_comment as dc inner join tbl_sub_task as st on (dc.stask_id = st.stask_id) 
inner join tbl_sub_project as sp on (dc.spid= sp.spid) 
inner join tbl_project_management as pp on (pp.pid = dc.pid)
inner join tbl_employee as em on (dc.emp_id = em.emp_id) 
group by dc.stask_id order by em.emp_id;.
in /var/www/html/timesheet/protected/controllers/ResourceAllocationProjectWorkController.php (264)
in /var/www/html/timesheet/index.php (35)
2017/04/24 17:05:41 [error] [system.db.CDbCommand] CDbCommand::fetchAll() failed: SQLSTATE[42000]: Syntax error or access violation: 1055 Expression #1 of SELECT list is not in GROUP BY clause and contains nonaggregated column 'timesheet.em.first_name' which is not functionally dependent on columns in GROUP BY clause; this is incompatible with sql_mode=only_full_group_by. The SQL statement executed was: select concat(first_name,' ',last_name) as name,project_name as Program ,sub_project_name as Project ,sub_task_name as Task,est_hrs as Estimated_hours,time(sum(hours)) as consumed_hours from tbl_day_comment as dc inner join tbl_sub_task as st on (dc.stask_id = st.stask_id) 
inner join tbl_sub_project as sp on (dc.spid= sp.spid) 
inner join tbl_project_management as pp on (pp.pid = dc.pid)
inner join tbl_employee as em on (dc.emp_id = em.emp_id) 
group by dc.stask_id order by em.emp_id;.
in /var/www/html/timesheet/protected/controllers/ResourceAllocationProjectWorkController.php (264)
in /var/www/html/timesheet/index.php (35)
2017/04/24 17:05:43 [error] [system.db.CDbCommand] CDbCommand::fetchAll() failed: SQLSTATE[42000]: Syntax error or access violation: 1055 Expression #1 of SELECT list is not in GROUP BY clause and contains nonaggregated column 'timesheet.em.first_name' which is not functionally dependent on columns in GROUP BY clause; this is incompatible with sql_mode=only_full_group_by. The SQL statement executed was: select concat(first_name,' ',last_name) as name,project_name as Program ,sub_project_name as Project ,sub_task_name as Task,est_hrs as Estimated_hours,time(sum(hours)) as consumed_hours from tbl_day_comment as dc inner join tbl_sub_task as st on (dc.stask_id = st.stask_id) 
inner join tbl_sub_project as sp on (dc.spid= sp.spid) 
inner join tbl_project_management as pp on (pp.pid = dc.pid)
inner join tbl_employee as em on (dc.emp_id = em.emp_id) 
group by dc.stask_id order by em.emp_id;.
in /var/www/html/timesheet/protected/controllers/ResourceAllocationProjectWorkController.php (264)
in /var/www/html/timesheet/index.php (35)
2017/04/24 17:07:01 [error] [system.db.CDbCommand] CDbCommand::fetchAll() failed: SQLSTATE[42000]: Syntax error or access violation: 1055 Expression #1 of SELECT list is not in GROUP BY clause and contains nonaggregated column 'timesheet.em.first_name' which is not functionally dependent on columns in GROUP BY clause; this is incompatible with sql_mode=only_full_group_by. The SQL statement executed was: select concat(em.first_name,' ',em.last_name) as name,pp.project_name as Program ,
sp.sub_project_name as Project ,st.sub_task_name as Task,st.est_hrs as Estimated_hours,
time(sum(dc.hours)) as consumed_hours,dc.stask_id from tbl_day_comment as dc 
inner join tbl_sub_project as sp on (dc.spid= sp.spid)  
inner join tbl_sub_task as st on (dc.stask_id = st.stask_id)
inner join tbl_project_management as pp on (pp.pid = dc.pid)
inner join tbl_employee as em on (dc.emp_id = em.emp_id)
where dc.spid = st.sub_project_id and dc.pid = st.project_id 
group by dc.stask_id order by em.emp_id;.
in /var/www/html/timesheet/protected/controllers/ResourceAllocationProjectWorkController.php (268)
in /var/www/html/timesheet/index.php (35)
2017/04/24 17:08:02 [error] [system.db.CDbCommand] CDbCommand::fetchAll() failed: SQLSTATE[42000]: Syntax error or access violation: 1055 Expression #1 of SELECT list is not in GROUP BY clause and contains nonaggregated column 'timesheet.em.first_name' which is not functionally dependent on columns in GROUP BY clause; this is incompatible with sql_mode=only_full_group_by. The SQL statement executed was: select concat(em.first_name,' ',em.last_name) as name,pp.project_name as Program ,
sp.sub_project_name as Project ,st.sub_task_name as Task,st.est_hrs as Estimated_hours,
time(sum(dc.hours)) as consumed_hours,dc.stask_id from tbl_day_comment as dc 
inner join tbl_sub_project as sp on (dc.spid= sp.spid)  
inner join tbl_sub_task as st on (dc.stask_id = st.stask_id)
inner join tbl_project_management as pp on (pp.pid = dc.pid)
inner join tbl_employee as em on (dc.emp_id = em.emp_id)
where dc.spid = st.sub_project_id and dc.pid = st.project_id 
group by dc.stask_id order by em.emp_id;.
in /var/www/html/timesheet/protected/controllers/ResourceAllocationProjectWorkController.php (268)
in /var/www/html/timesheet/index.php (35)
2017/04/25 16:06:31 [error] [system.db.CDbCommand] CDbCommand::fetchAll() failed: SQLSTATE[42000]: Syntax error or access violation: 1055 Expression #2 of SELECT list is not in GROUP BY clause and contains nonaggregated column 'timesheet.pp.project_name' which is not functionally dependent on columns in GROUP BY clause; this is incompatible with sql_mode=only_full_group_by. The SQL statement executed was: select concat(em.first_name,' ',em.last_name) as name,pp.project_name as Program ,
sp.sub_project_name as Project ,st.sub_task_name as Task,st.est_hrs as Estimated_hours,
time(sum(dc.hours)) as consumed_hours,dc.stask_id from tbl_day_comment as dc 
inner join tbl_sub_project as sp on (dc.spid= sp.spid)  
inner join tbl_sub_task as st on (dc.stask_id = st.stask_id)
inner join tbl_project_management as pp on (pp.pid = dc.pid)
inner join tbl_employee as em on (dc.emp_id = em.emp_id)
where dc.spid = st.sub_project_id and dc.pid = st.project_id  and em.first_name like 'Vaibhav%' or em.last_name like 'Vaibhav%'
group by dc.stask_id,em.emp_id order by em.emp_id;.
in /var/www/html/timesheet/protected/controllers/ResourceAllocationProjectWorkController.php (268)
in /var/www/html/timesheet/index.php (35)
2017/04/25 16:06:45 [error] [system.db.CDbCommand] CDbCommand::fetchAll() failed: SQLSTATE[42000]: Syntax error or access violation: 1055 Expression #2 of SELECT list is not in GROUP BY clause and contains nonaggregated column 'timesheet.pp.project_name' which is not functionally dependent on columns in GROUP BY clause; this is incompatible with sql_mode=only_full_group_by. The SQL statement executed was: select concat(em.first_name,' ',em.last_name) as name,pp.project_name as Program ,
sp.sub_project_name as Project ,st.sub_task_name as Task,st.est_hrs as Estimated_hours,
time(sum(dc.hours)) as consumed_hours,dc.stask_id from tbl_day_comment as dc 
inner join tbl_sub_project as sp on (dc.spid= sp.spid)  
inner join tbl_sub_task as st on (dc.stask_id = st.stask_id)
inner join tbl_project_management as pp on (pp.pid = dc.pid)
inner join tbl_employee as em on (dc.emp_id = em.emp_id)
where dc.spid = st.sub_project_id and dc.pid = st.project_id  and em.first_name like 'Vaibhav%' or em.last_name like 'Vaibhav%'
group by dc.stask_id,em.emp_id order by em.emp_id;.
in /var/www/html/timesheet/protected/controllers/ResourceAllocationProjectWorkController.php (268)
in /var/www/html/timesheet/index.php (35)
2017/04/25 16:09:04 [error] [system.db.CDbCommand] CDbCommand::fetchAll() failed: SQLSTATE[42000]: Syntax error or access violation: 1055 Expression #2 of SELECT list is not in GROUP BY clause and contains nonaggregated column 'timesheet.pp.project_name' which is not functionally dependent on columns in GROUP BY clause; this is incompatible with sql_mode=only_full_group_by. The SQL statement executed was: select concat(em.first_name,' ',em.last_name) as name,pp.project_name as Program ,
sp.sub_project_name as Project ,st.sub_task_name as Task,st.est_hrs as Estimated_hours,
time(sum(dc.hours)) as consumed_hours,dc.stask_id from tbl_day_comment as dc 
inner join tbl_sub_project as sp on (dc.spid= sp.spid)  
inner join tbl_sub_task as st on (dc.stask_id = st.stask_id)
inner join tbl_project_management as pp on (pp.pid = dc.pid)
inner join tbl_employee as em on (dc.emp_id = em.emp_id)
where dc.spid = st.sub_project_id and dc.pid = st.project_id  and em.first_name like 'Vaibhav%' or em.last_name like 'Vaibhav%'
group by dc.stask_id,em.emp_id order by em.emp_id;.
in /var/www/html/timesheet/protected/controllers/ResourceAllocationProjectWorkController.php (268)
in /var/www/html/timesheet/index.php (35)
2017/04/25 17:33:20 [error] [system.db.CDbCommand] CDbCommand::fetchAll() failed: SQLSTATE[42000]: Syntax error or access violation: 1055 Expression #2 of SELECT list is not in GROUP BY clause and contains nonaggregated column 'timesheet.pp.project_name' which is not functionally dependent on columns in GROUP BY clause; this is incompatible with sql_mode=only_full_group_by. The SQL statement executed was: select concat(em.first_name,' ',em.last_name) as name,pp.project_name as Program ,
sp.sub_project_name as Project ,st.sub_task_name as Task,st.est_hrs as Estimated_hours,
time(sum(dc.hours)) as consumed_hours,dc.stask_id from tbl_day_comment as dc 
inner join tbl_sub_project as sp on (dc.spid= sp.spid)  
inner join tbl_sub_task as st on (dc.stask_id = st.stask_id)
inner join tbl_project_management as pp on (pp.pid = dc.pid)
inner join tbl_employee as em on (dc.emp_id = em.emp_id)
where dc.spid = st.sub_project_id and dc.pid = st.project_id  and em.first_name like 'Vaibhav%' or em.last_name like 'Vaibhav%'
group by dc.stask_id,em.emp_id order by em.emp_id;.
in /var/www/html/timesheet/protected/controllers/ResourceAllocationProjectWorkController.php (268)
in /var/www/html/timesheet/index.php (35)
2017/04/25 17:33:25 [error] [system.db.CDbCommand] CDbCommand::fetchAll() failed: SQLSTATE[42000]: Syntax error or access violation: 1055 Expression #2 of SELECT list is not in GROUP BY clause and contains nonaggregated column 'timesheet.pp.project_name' which is not functionally dependent on columns in GROUP BY clause; this is incompatible with sql_mode=only_full_group_by. The SQL statement executed was: select concat(em.first_name,' ',em.last_name) as name,pp.project_name as Program ,
sp.sub_project_name as Project ,st.sub_task_name as Task,st.est_hrs as Estimated_hours,
time(sum(dc.hours)) as consumed_hours,dc.stask_id from tbl_day_comment as dc 
inner join tbl_sub_project as sp on (dc.spid= sp.spid)  
inner join tbl_sub_task as st on (dc.stask_id = st.stask_id)
inner join tbl_project_management as pp on (pp.pid = dc.pid)
inner join tbl_employee as em on (dc.emp_id = em.emp_id)
where dc.spid = st.sub_project_id and dc.pid = st.project_id  and em.first_name like 'Vaibhav%' or em.last_name like 'Vaibhav%'
group by dc.stask_id,em.emp_id order by em.emp_id;.
in /var/www/html/timesheet/protected/controllers/ResourceAllocationProjectWorkController.php (268)
in /var/www/html/timesheet/index.php (35)
2017/04/25 17:33:29 [error] [system.db.CDbCommand] CDbCommand::fetchAll() failed: SQLSTATE[42000]: Syntax error or access violation: 1055 Expression #2 of SELECT list is not in GROUP BY clause and contains nonaggregated column 'timesheet.pp.project_name' which is not functionally dependent on columns in GROUP BY clause; this is incompatible with sql_mode=only_full_group_by. The SQL statement executed was: select concat(em.first_name,' ',em.last_name) as name,pp.project_name as Program ,
sp.sub_project_name as Project ,st.sub_task_name as Task,st.est_hrs as Estimated_hours,
time(sum(dc.hours)) as consumed_hours,dc.stask_id from tbl_day_comment as dc 
inner join tbl_sub_project as sp on (dc.spid= sp.spid)  
inner join tbl_sub_task as st on (dc.stask_id = st.stask_id)
inner join tbl_project_management as pp on (pp.pid = dc.pid)
inner join tbl_employee as em on (dc.emp_id = em.emp_id)
where dc.spid = st.sub_project_id and dc.pid = st.project_id  and em.first_name like 'Vaibhav%' or em.last_name like 'Vaibhav%'
group by dc.stask_id,em.emp_id order by em.emp_id;.
in /var/www/html/timesheet/protected/controllers/ResourceAllocationProjectWorkController.php (268)
in /var/www/html/timesheet/index.php (35)
2017/04/26 16:02:42 [error] [system.db.CDbCommand] CDbCommand::fetch() failed: SQLSTATE[42000]: Syntax error or access violation: 1055 Expression #1 of SELECT list is not in GROUP BY clause and contains nonaggregated column 'timesheet.em.first_name' which is not functionally dependent on columns in GROUP BY clause; this is incompatible with sql_mode=only_full_group_by. The SQL statement executed was: select concat(em.first_name,' ',em.last_name) as name,
                    sum(dc.hours) as consumed_hours
                    from  tbl_day_comment as dc
                    inner join tbl_employee as em on(dc.emp_id = em.emp_id)
                    where dc.stask_id = 18
                    group by dc.stask_id.
in /var/www/html/timesheet/protected/controllers/ProjectController.php (180)
in /var/www/html/timesheet/index.php (35)
2017/04/26 16:03:28 [error] [system.db.CDbCommand] CDbCommand::fetch() failed: SQLSTATE[42000]: Syntax error or access violation: 1140 In aggregated query without GROUP BY, expression #1 of SELECT list contains nonaggregated column 'timesheet.em.first_name'; this is incompatible with sql_mode=only_full_group_by. The SQL statement executed was: select concat(em.first_name,' ',em.last_name) as name,
                    sum(dc.hours) as consumed_hours
                    from  tbl_day_comment as dc
                    inner join tbl_employee as em on(dc.emp_id = em.emp_id)
                    where dc.stask_id = 18 .
in /var/www/html/timesheet/protected/controllers/ProjectController.php (179)
in /var/www/html/timesheet/index.php (35)
2017/04/26 16:03:54 [error] [system.db.CDbCommand] CDbCommand::fetch() failed: SQLSTATE[42000]: Syntax error or access violation: 1140 In aggregated query without GROUP BY, expression #1 of SELECT list contains nonaggregated column 'timesheet.em.first_name'; this is incompatible with sql_mode=only_full_group_by. The SQL statement executed was: select concat(em.first_name,' ',em.last_name) as name,
                    sum(dc.hours) as consumed_hours
                    from  tbl_day_comment as dc
                    inner join tbl_employee as em on(dc.emp_id = em.emp_id)
                    where dc.stask_id = 18 .
in /var/www/html/timesheet/protected/controllers/ProjectController.php (179)
in /var/www/html/timesheet/index.php (35)
2017/04/26 16:31:35 [error] [system.db.CDbCommand] CDbCommand::fetch() failed: SQLSTATE[42000]: Syntax error or access violation: 1064 You have an error in your SQL syntax; check the manual that corresponds to your MySQL server version for the right syntax to use near 'sum(dc.hours) as consumed_hours
                    from  tbl_day_comment as dc
' at line 1. The SQL statement executed was: 
                    sum(dc.hours) as consumed_hours
                    from  tbl_day_comment as dc
                    where stask_id = 18 group by dc.stask_id .
in /var/www/html/timesheet/protected/controllers/ProjectController.php (180)
in /var/www/html/timesheet/index.php (35)
2017/04/26 16:31:51 [error] [system.db.CDbCommand] CDbCommand::fetch() failed: SQLSTATE[42000]: Syntax error or access violation: 1064 You have an error in your SQL syntax; check the manual that corresponds to your MySQL server version for the right syntax to use near 'sum(dc.hours) as consumed_hours
                    from  tbl_day_comment as dc
' at line 1. The SQL statement executed was: 
                    sum(dc.hours) as consumed_hours
                    from  tbl_day_comment as dc
                    where stask_id = 18 group by dc.emp_id .
in /var/www/html/timesheet/protected/controllers/ProjectController.php (180)
in /var/www/html/timesheet/index.php (35)
2017/04/26 18:25:11 [error] [system.db.CDbCommand] CDbCommand::fetchAll() failed: SQLSTATE[42000]: Syntax error or access violation: 1064 You have an error in your SQL syntax; check the manual that corresponds to your MySQL server version for the right syntax to use near '' at line 6. The SQL statement executed was: select concat(em.first_name,' ',em.last_name) as Name,pm.project_name as Program ,sp.sub_project_name as Project ,st.sub_task_name as Task ,tt.task_name as Type ,
                    st.stask_id,st.est_hrs as Estimated_Hours from tbl_sub_task as st 
                    inner join tbl_project_management as pm on(st.project_id = pm.pid)
                    inner join tbl_sub_project as sp on (st.sub_project_id = sp.spid)
                    inner join tbl_task as tt on(st.task_id = tt.task_id)
                    inner join tbl_employee as em on(st.emp_id = em.emp_id;.
in /var/www/html/timesheet/protected/controllers/ProjectController.php (173)
in /var/www/html/timesheet/index.php (35)
