2018/03/05 13:23:04 [error] [exception.CException] exception 'CException' with message 'CAssetManager.basePath "/var/www/html/timesheet/assets" is invalid. Please make sure the directory exists and is writable by the Web server process.' in /var/www/html/timesheet/yii/framework/web/CAssetManager.php:138
Stack trace:
#0 /var/www/html/timesheet/yii/framework/web/CAssetManager.php(123): CAssetManager->setBasePath('/var/www/html/t...')
#1 /var/www/html/timesheet/yii/framework/web/CAssetManager.php(217): CAssetManager->getBasePath()
#2 /var/www/html/timesheet/protected/extensions/yii-bootstrap/components/Bootstrap.php(328): CAssetManager->publish('/var/www/html/t...', true, -1, false)
#3 /var/www/html/timesheet/protected/extensions/yii-bootstrap/components/Bootstrap.php(72): Bootstrap->getAssetsUrl()
#4 /var/www/html/timesheet/protected/extensions/yii-bootstrap/components/Bootstrap.php(83): Bootstrap->registerYiiCss()
#5 /var/www/html/timesheet/protected/extensions/yii-bootstrap/components/Bootstrap.php(333): Bootstrap->registerAllCss()
#6 /var/www/html/timesheet/yii/framework/base/CModule.php(387): Bootstrap->init()
#7 /var/www/html/timesheet/yii/framework/base/CModule.php(103): CModule->getComponent('bootstrap')
#8 /var/www/html/timesheet/themes/login/views/layouts/main.php(2): CModule->__get('bootstrap')
#9 /var/www/html/timesheet/yii/framework/web/CBaseController.php(126): require('/var/www/html/t...')
#10 /var/www/html/timesheet/yii/framework/web/CBaseController.php(95): CBaseController->renderInternal('/var/www/html/t...', Array, true)
#11 /var/www/html/timesheet/yii/framework/web/widgets/CContentDecorator.php(76): CBaseController->renderFile('/var/www/html/t...', Array, true)
#12 /var/www/html/timesheet/yii/framework/web/widgets/CContentDecorator.php(54): CContentDecorator->decorate('<div class="row...')
#13 /var/www/html/timesheet/yii/framework/web/widgets/COutputProcessor.php(44): CContentDecorator->processOutput('<div class="row...')
#14 /var/www/html/timesheet/yii/framework/web/CBaseController.php(206): COutputProcessor->run()
#15 /var/www/html/timesheet/yii/framework/web/CBaseController.php(300): CBaseController->endWidget('CContentDecorat...')
#16 /var/www/html/timesheet/themes/login/views/layouts/column1.php(7): CBaseController->endContent()
#17 /var/www/html/timesheet/yii/framework/web/CBaseController.php(126): require('/var/www/html/t...')
#18 /var/www/html/timesheet/yii/framework/web/CBaseController.php(95): CBaseController->renderInternal('/var/www/html/t...', Array, true)
#19 /var/www/html/timesheet/yii/framework/web/CController.php(784): CBaseController->renderFile('/var/www/html/t...', Array, true)
#20 /var/www/html/timesheet/protected/controllers/LoginController.php(176): CController->render('//login/login', Array)
#21 /var/www/html/timesheet/yii/framework/web/actions/CInlineAction.php(49): LoginController->actionIndex()
#22 /var/www/html/timesheet/yii/framework/web/CController.php(308): CInlineAction->runWithParams(Array)
#23 /var/www/html/timesheet/yii/framework/web/CController.php(286): CController->runAction(Object(CInlineAction))
#24 /var/www/html/timesheet/yii/framework/web/CController.php(265): CController->runActionWithFilters(Object(CInlineAction), NULL)
#25 /var/www/html/timesheet/yii/framework/web/CWebApplication.php(282): CController->run('')
#26 /var/www/html/timesheet/yii/framework/web/CWebApplication.php(141): CWebApplication->runController('login')
#27 /var/www/html/timesheet/yii/framework/base/CApplication.php(180): CWebApplication->processRequest()
#28 /var/www/html/timesheet/index.php(35): CApplication->run()
#29 {main}
REQUEST_URI=/timesheet/login
---
2018/03/05 15:27:21 [error] [exception.CException] exception 'CException' with message 'CAssetManager.basePath "/var/www/html/timesheet/assets" is invalid. Please make sure the directory exists and is writable by the Web server process.' in /var/www/html/timesheet/yii/framework/web/CAssetManager.php:138
Stack trace:
#0 /var/www/html/timesheet/yii/framework/web/CAssetManager.php(123): CAssetManager->setBasePath('/var/www/html/t...')
#1 /var/www/html/timesheet/yii/framework/web/CAssetManager.php(217): CAssetManager->getBasePath()
#2 /var/www/html/timesheet/protected/extensions/yii-bootstrap/components/Bootstrap.php(328): CAssetManager->publish('/var/www/html/t...', true, -1, false)
#3 /var/www/html/timesheet/protected/extensions/yii-bootstrap/components/Bootstrap.php(72): Bootstrap->getAssetsUrl()
#4 /var/www/html/timesheet/protected/extensions/yii-bootstrap/components/Bootstrap.php(83): Bootstrap->registerYiiCss()
#5 /var/www/html/timesheet/protected/extensions/yii-bootstrap/components/Bootstrap.php(333): Bootstrap->registerAllCss()
#6 /var/www/html/timesheet/yii/framework/base/CModule.php(387): Bootstrap->init()
#7 /var/www/html/timesheet/yii/framework/base/CModule.php(103): CModule->getComponent('bootstrap')
#8 /var/www/html/timesheet/themes/login/views/layouts/main.php(2): CModule->__get('bootstrap')
#9 /var/www/html/timesheet/yii/framework/web/CBaseController.php(126): require('/var/www/html/t...')
#10 /var/www/html/timesheet/yii/framework/web/CBaseController.php(95): CBaseController->renderInternal('/var/www/html/t...', Array, true)
#11 /var/www/html/timesheet/yii/framework/web/widgets/CContentDecorator.php(76): CBaseController->renderFile('/var/www/html/t...', Array, true)
#12 /var/www/html/timesheet/yii/framework/web/widgets/CContentDecorator.php(54): CContentDecorator->decorate('<div class="row...')
#13 /var/www/html/timesheet/yii/framework/web/widgets/COutputProcessor.php(44): CContentDecorator->processOutput('<div class="row...')
#14 /var/www/html/timesheet/yii/framework/web/CBaseController.php(206): COutputProcessor->run()
#15 /var/www/html/timesheet/yii/framework/web/CBaseController.php(300): CBaseController->endWidget('CContentDecorat...')
#16 /var/www/html/timesheet/themes/login/views/layouts/column1.php(7): CBaseController->endContent()
#17 /var/www/html/timesheet/yii/framework/web/CBaseController.php(126): require('/var/www/html/t...')
#18 /var/www/html/timesheet/yii/framework/web/CBaseController.php(95): CBaseController->renderInternal('/var/www/html/t...', Array, true)
#19 /var/www/html/timesheet/yii/framework/web/CController.php(784): CBaseController->renderFile('/var/www/html/t...', Array, true)
#20 /var/www/html/timesheet/protected/controllers/LoginController.php(176): CController->render('//login/login', Array)
#21 /var/www/html/timesheet/yii/framework/web/actions/CInlineAction.php(49): LoginController->actionIndex()
#22 /var/www/html/timesheet/yii/framework/web/CController.php(308): CInlineAction->runWithParams(Array)
#23 /var/www/html/timesheet/yii/framework/web/CController.php(286): CController->runAction(Object(CInlineAction))
#24 /var/www/html/timesheet/yii/framework/web/CController.php(265): CController->runActionWithFilters(Object(CInlineAction), NULL)
#25 /var/www/html/timesheet/yii/framework/web/CWebApplication.php(282): CController->run('')
#26 /var/www/html/timesheet/yii/framework/web/CWebApplication.php(141): CWebApplication->runController('login')
#27 /var/www/html/timesheet/yii/framework/base/CApplication.php(180): CWebApplication->processRequest()
#28 /var/www/html/timesheet/index.php(35): CApplication->run()
#29 {main}
REQUEST_URI=/timesheet/login
---
2018/03/05 15:29:32 [error] [exception.CException] exception 'CException' with message 'CAssetManager.basePath "/var/www/html/timesheet/assets" is invalid. Please make sure the directory exists and is writable by the Web server process.' in /var/www/html/timesheet/yii/framework/web/CAssetManager.php:138
Stack trace:
#0 /var/www/html/timesheet/yii/framework/web/CAssetManager.php(123): CAssetManager->setBasePath('/var/www/html/t...')
#1 /var/www/html/timesheet/yii/framework/web/CAssetManager.php(217): CAssetManager->getBasePath()
#2 /var/www/html/timesheet/protected/extensions/yii-bootstrap/components/Bootstrap.php(328): CAssetManager->publish('/var/www/html/t...', true, -1, false)
#3 /var/www/html/timesheet/protected/extensions/yii-bootstrap/components/Bootstrap.php(72): Bootstrap->getAssetsUrl()
#4 /var/www/html/timesheet/protected/extensions/yii-bootstrap/components/Bootstrap.php(83): Bootstrap->registerYiiCss()
#5 /var/www/html/timesheet/protected/extensions/yii-bootstrap/components/Bootstrap.php(333): Bootstrap->registerAllCss()
#6 /var/www/html/timesheet/yii/framework/base/CModule.php(387): Bootstrap->init()
#7 /var/www/html/timesheet/yii/framework/base/CModule.php(103): CModule->getComponent('bootstrap')
#8 /var/www/html/timesheet/themes/login/views/layouts/main.php(2): CModule->__get('bootstrap')
#9 /var/www/html/timesheet/yii/framework/web/CBaseController.php(126): require('/var/www/html/t...')
#10 /var/www/html/timesheet/yii/framework/web/CBaseController.php(95): CBaseController->renderInternal('/var/www/html/t...', Array, true)
#11 /var/www/html/timesheet/yii/framework/web/widgets/CContentDecorator.php(76): CBaseController->renderFile('/var/www/html/t...', Array, true)
#12 /var/www/html/timesheet/yii/framework/web/widgets/CContentDecorator.php(54): CContentDecorator->decorate('<div class="row...')
#13 /var/www/html/timesheet/yii/framework/web/widgets/COutputProcessor.php(44): CContentDecorator->processOutput('<div class="row...')
#14 /var/www/html/timesheet/yii/framework/web/CBaseController.php(206): COutputProcessor->run()
#15 /var/www/html/timesheet/yii/framework/web/CBaseController.php(300): CBaseController->endWidget('CContentDecorat...')
#16 /var/www/html/timesheet/themes/login/views/layouts/column1.php(7): CBaseController->endContent()
#17 /var/www/html/timesheet/yii/framework/web/CBaseController.php(126): require('/var/www/html/t...')
#18 /var/www/html/timesheet/yii/framework/web/CBaseController.php(95): CBaseController->renderInternal('/var/www/html/t...', Array, true)
#19 /var/www/html/timesheet/yii/framework/web/CController.php(784): CBaseController->renderFile('/var/www/html/t...', Array, true)
#20 /var/www/html/timesheet/protected/controllers/LoginController.php(176): CController->render('//login/login', Array)
#21 /var/www/html/timesheet/yii/framework/web/actions/CInlineAction.php(49): LoginController->actionIndex()
#22 /var/www/html/timesheet/yii/framework/web/CController.php(308): CInlineAction->runWithParams(Array)
#23 /var/www/html/timesheet/yii/framework/web/CController.php(286): CController->runAction(Object(CInlineAction))
#24 /var/www/html/timesheet/yii/framework/web/CController.php(265): CController->runActionWithFilters(Object(CInlineAction), NULL)
#25 /var/www/html/timesheet/yii/framework/web/CWebApplication.php(282): CController->run('')
#26 /var/www/html/timesheet/yii/framework/web/CWebApplication.php(141): CWebApplication->runController('login')
#27 /var/www/html/timesheet/yii/framework/base/CApplication.php(180): CWebApplication->processRequest()
#28 /var/www/html/timesheet/index.php(35): CApplication->run()
#29 {main}
REQUEST_URI=/timesheet/login
---
2018/03/05 15:30:29 [error] [exception.CDbException] exception 'CDbException' with message 'CDbConnection failed to open the DB connection: SQLSTATE[HY000] [2002] Connection timed out' in /var/www/html/timesheet/yii/framework/db/CDbConnection.php:382
Stack trace:
#0 /var/www/html/timesheet/yii/framework/db/CDbConnection.php(330): CDbConnection->open()
#1 /var/www/html/timesheet/yii/framework/db/CDbConnection.php(308): CDbConnection->setActive(true)
#2 /var/www/html/timesheet/yii/framework/base/CModule.php(387): CDbConnection->init()
#3 /var/www/html/timesheet/yii/framework/base/CModule.php(103): CModule->getComponent('db')
#4 /var/www/html/timesheet/protected/components/UserIdentity.php(32): CModule->__get('db')
#5 /var/www/html/timesheet/protected/models/LoginForm.php(64): UserIdentity->authenticate()
#6 /var/www/html/timesheet/yii/framework/validators/CInlineValidator.php(42): LoginForm->authenticate('password', Array)
#7 /var/www/html/timesheet/yii/framework/validators/CValidator.php(213): CInlineValidator->validateAttribute(Object(LoginForm), 'password')
#8 /var/www/html/timesheet/yii/framework/base/CModel.php(159): CValidator->validate(Object(LoginForm), NULL)
#9 /var/www/html/timesheet/protected/controllers/LoginController.php(145): CModel->validate()
#10 /var/www/html/timesheet/yii/framework/web/actions/CInlineAction.php(49): LoginController->actionIndex()
#11 /var/www/html/timesheet/yii/framework/web/CController.php(308): CInlineAction->runWithParams(Array)
#12 /var/www/html/timesheet/yii/framework/web/CController.php(286): CController->runAction(Object(CInlineAction))
#13 /var/www/html/timesheet/yii/framework/web/CController.php(265): CController->runActionWithFilters(Object(CInlineAction), NULL)
#14 /var/www/html/timesheet/yii/framework/web/CWebApplication.php(282): CController->run('')
#15 /var/www/html/timesheet/yii/framework/web/CWebApplication.php(141): CWebApplication->runController('login')
#16 /var/www/html/timesheet/yii/framework/base/CApplication.php(180): CWebApplication->processRequest()
#17 /var/www/html/timesheet/index.php(35): CApplication->run()
#18 {main}
REQUEST_URI=/timesheet/login
HTTP_REFERER=http://localhost/timesheet/login
---
2018/03/14 12:06:50 [error] [exception.CHttpException.404] exception 'CHttpException' with message 'The system is unable to find the requested action "javascript:void(0);".' in /var/www/html/timesheet/yii/framework/web/CController.php:483
Stack trace:
#0 /var/www/html/timesheet/yii/framework/web/CController.php(270): CController->missingAction('javascript:void...')
#1 /var/www/html/timesheet/yii/framework/web/CWebApplication.php(282): CController->run('javascript:void...')
#2 /var/www/html/timesheet/yii/framework/web/CWebApplication.php(141): CWebApplication->runController('pidapproval/jav...')
#3 /var/www/html/timesheet/yii/framework/base/CApplication.php(180): CWebApplication->processRequest()
#4 /var/www/html/timesheet/index.php(35): CApplication->run()
#5 {main}
REQUEST_URI=/timesheet/pidapproval/javascript:void(0);
HTTP_REFERER=http://localhost/timesheet/pidapproval/admin
---
2018/03/14 12:07:16 [error] [system.db.CDbCommand] CDbCommand::fetchAll() failed: SQLSTATE[42000]: Syntax error or access violation: 1055 Expression #3 of SELECT list is not in GROUP BY clause and contains nonaggregated column 'db_rjilautots_dev.st.stask_id' which is not functionally dependent on columns in GROUP BY clause; this is incompatible with sql_mode=only_full_group_by. The SQL statement executed was: select st.sub_project_id,sp.sub_project_name,st.stask_id  from tbl_sub_task as st inner join tbl_pid_approval as pa on (st.pid_approval_id = pa.pid_id) inner join tbl_sub_project as sp on (sp.spid = st.sub_project_id)
where st.project_id = 9 and st.emp_id = 3616 group by st.sub_project_id.
in /var/www/html/timesheet/protected/controllers/DayCommentController.php (1032)
in /var/www/html/timesheet/protected/controllers/DayCommentController.php (229)
in /var/www/html/timesheet/index.php (35)
2018/03/14 12:07:16 [error] [exception.CDbException] exception 'CDbException' with message 'CDbCommand failed to execute the SQL statement: SQLSTATE[42000]: Syntax error or access violation: 1055 Expression #3 of SELECT list is not in GROUP BY clause and contains nonaggregated column 'db_rjilautots_dev.st.stask_id' which is not functionally dependent on columns in GROUP BY clause; this is incompatible with sql_mode=only_full_group_by. The SQL statement executed was: select st.sub_project_id,sp.sub_project_name,st.stask_id  from tbl_sub_task as st inner join tbl_pid_approval as pa on (st.pid_approval_id = pa.pid_id) inner join tbl_sub_project as sp on (sp.spid = st.sub_project_id)
where st.project_id = 9 and st.emp_id = 3616 group by st.sub_project_id' in /var/www/html/timesheet/yii/framework/db/CDbCommand.php:543
Stack trace:
#0 /var/www/html/timesheet/yii/framework/db/CDbCommand.php(396): CDbCommand->queryInternal('fetchAll', Array, Array)
#1 /var/www/html/timesheet/protected/controllers/DayCommentController.php(1032): CDbCommand->queryAll()
#2 /var/www/html/timesheet/protected/controllers/DayCommentController.php(229): DayCommentController->getSubProjectByProjectId2('9')
#3 /var/www/html/timesheet/yii/framework/web/actions/CInlineAction.php(49): DayCommentController->actionIndex()
#4 /var/www/html/timesheet/yii/framework/web/CController.php(308): CInlineAction->runWithParams(Array)
#5 /var/www/html/timesheet/yii/framework/web/filters/CFilterChain.php(133): CController->runAction(Object(CInlineAction))
#6 /var/www/html/timesheet/yii/framework/web/filters/CFilter.php(40): CFilterChain->run()
#7 /var/www/html/timesheet/yii/framework/web/CController.php(1145): CFilter->filter(Object(CFilterChain))
#8 /var/www/html/timesheet/yii/framework/web/filters/CInlineFilter.php(58): CController->filterAccessControl(Object(CFilterChain))
#9 /var/www/html/timesheet/yii/framework/web/filters/CFilterChain.php(130): CInlineFilter->filter(Object(CFilterChain))
#10 /var/www/html/timesheet/yii/framework/web/CController.php(291): CFilterChain->run()
#11 /var/www/html/timesheet/yii/framework/web/CController.php(265): CController->runActionWithFilters(Object(CInlineAction), Array)
#12 /var/www/html/timesheet/yii/framework/web/CWebApplication.php(282): CController->run('index')
#13 /var/www/html/timesheet/yii/framework/web/CWebApplication.php(141): CWebApplication->runController('daycomment/inde...')
#14 /var/www/html/timesheet/yii/framework/base/CApplication.php(180): CWebApplication->processRequest()
#15 /var/www/html/timesheet/index.php(35): CApplication->run()
#16 {main}
REQUEST_URI=/timesheet/daycomment/index/selecting_date/2018-03-12
HTTP_REFERER=http://localhost/timesheet/daycomment
---
2018/03/14 12:14:05 [error] [system.db.CDbCommand] CDbCommand::fetchAll() failed: SQLSTATE[42000]: Syntax error or access violation: 1055 Expression #3 of SELECT list is not in GROUP BY clause and contains nonaggregated column 'db_rjilautots_dev.st.stask_id' which is not functionally dependent on columns in GROUP BY clause; this is incompatible with sql_mode=only_full_group_by. The SQL statement executed was: select st.sub_project_id,sp.sub_project_name,st.stask_id  from tbl_sub_task as st inner join tbl_pid_approval as pa on (st.pid_approval_id = pa.pid_id) inner join tbl_sub_project as sp on (sp.spid = st.sub_project_id)
where st.project_id = 9 and st.emp_id = 3616 group by st.sub_project_id.
in /var/www/html/timesheet/protected/controllers/DayCommentController.php (1032)
in /var/www/html/timesheet/protected/controllers/DayCommentController.php (229)
in /var/www/html/timesheet/index.php (35)
2018/03/14 12:14:05 [error] [exception.CDbException] exception 'CDbException' with message 'CDbCommand failed to execute the SQL statement: SQLSTATE[42000]: Syntax error or access violation: 1055 Expression #3 of SELECT list is not in GROUP BY clause and contains nonaggregated column 'db_rjilautots_dev.st.stask_id' which is not functionally dependent on columns in GROUP BY clause; this is incompatible with sql_mode=only_full_group_by. The SQL statement executed was: select st.sub_project_id,sp.sub_project_name,st.stask_id  from tbl_sub_task as st inner join tbl_pid_approval as pa on (st.pid_approval_id = pa.pid_id) inner join tbl_sub_project as sp on (sp.spid = st.sub_project_id)
where st.project_id = 9 and st.emp_id = 3616 group by st.sub_project_id' in /var/www/html/timesheet/yii/framework/db/CDbCommand.php:543
Stack trace:
#0 /var/www/html/timesheet/yii/framework/db/CDbCommand.php(396): CDbCommand->queryInternal('fetchAll', Array, Array)
#1 /var/www/html/timesheet/protected/controllers/DayCommentController.php(1032): CDbCommand->queryAll()
#2 /var/www/html/timesheet/protected/controllers/DayCommentController.php(229): DayCommentController->getSubProjectByProjectId2('9')
#3 /var/www/html/timesheet/yii/framework/web/actions/CInlineAction.php(49): DayCommentController->actionIndex()
#4 /var/www/html/timesheet/yii/framework/web/CController.php(308): CInlineAction->runWithParams(Array)
#5 /var/www/html/timesheet/yii/framework/web/filters/CFilterChain.php(133): CController->runAction(Object(CInlineAction))
#6 /var/www/html/timesheet/yii/framework/web/filters/CFilter.php(40): CFilterChain->run()
#7 /var/www/html/timesheet/yii/framework/web/CController.php(1145): CFilter->filter(Object(CFilterChain))
#8 /var/www/html/timesheet/yii/framework/web/filters/CInlineFilter.php(58): CController->filterAccessControl(Object(CFilterChain))
#9 /var/www/html/timesheet/yii/framework/web/filters/CFilterChain.php(130): CInlineFilter->filter(Object(CFilterChain))
#10 /var/www/html/timesheet/yii/framework/web/CController.php(291): CFilterChain->run()
#11 /var/www/html/timesheet/yii/framework/web/CController.php(265): CController->runActionWithFilters(Object(CInlineAction), Array)
#12 /var/www/html/timesheet/yii/framework/web/CWebApplication.php(282): CController->run('index')
#13 /var/www/html/timesheet/yii/framework/web/CWebApplication.php(141): CWebApplication->runController('daycomment/inde...')
#14 /var/www/html/timesheet/yii/framework/base/CApplication.php(180): CWebApplication->processRequest()
#15 /var/www/html/timesheet/index.php(35): CApplication->run()
#16 {main}
REQUEST_URI=/timesheet/daycomment/index/selecting_date/2018-03-12
HTTP_REFERER=http://localhost/timesheet/daycomment
---
2018/03/14 12:15:10 [error] [system.db.CDbCommand] CDbCommand::fetchAll() failed: SQLSTATE[42000]: Syntax error or access violation: 1055 Expression #3 of SELECT list is not in GROUP BY clause and contains nonaggregated column 'db_rjilautots_dev.st.stask_id' which is not functionally dependent on columns in GROUP BY clause; this is incompatible with sql_mode=only_full_group_by. The SQL statement executed was: select st.sub_project_id,sp.sub_project_name,st.stask_id  from tbl_sub_task as st inner join tbl_pid_approval as pa on (st.pid_approval_id = pa.pid_id) inner join tbl_sub_project as sp on (sp.spid = st.sub_project_id)
where st.project_id = 9 and st.emp_id = 3616 group by st.sub_project_id.
in /var/www/html/timesheet/protected/controllers/DayCommentController.php (1032)
in /var/www/html/timesheet/protected/controllers/DayCommentController.php (229)
in /var/www/html/timesheet/index.php (35)
2018/03/14 12:15:10 [error] [exception.CDbException] exception 'CDbException' with message 'CDbCommand failed to execute the SQL statement: SQLSTATE[42000]: Syntax error or access violation: 1055 Expression #3 of SELECT list is not in GROUP BY clause and contains nonaggregated column 'db_rjilautots_dev.st.stask_id' which is not functionally dependent on columns in GROUP BY clause; this is incompatible with sql_mode=only_full_group_by. The SQL statement executed was: select st.sub_project_id,sp.sub_project_name,st.stask_id  from tbl_sub_task as st inner join tbl_pid_approval as pa on (st.pid_approval_id = pa.pid_id) inner join tbl_sub_project as sp on (sp.spid = st.sub_project_id)
where st.project_id = 9 and st.emp_id = 3616 group by st.sub_project_id' in /var/www/html/timesheet/yii/framework/db/CDbCommand.php:543
Stack trace:
#0 /var/www/html/timesheet/yii/framework/db/CDbCommand.php(396): CDbCommand->queryInternal('fetchAll', Array, Array)
#1 /var/www/html/timesheet/protected/controllers/DayCommentController.php(1032): CDbCommand->queryAll()
#2 /var/www/html/timesheet/protected/controllers/DayCommentController.php(229): DayCommentController->getSubProjectByProjectId2('9')
#3 /var/www/html/timesheet/yii/framework/web/actions/CInlineAction.php(49): DayCommentController->actionIndex()
#4 /var/www/html/timesheet/yii/framework/web/CController.php(308): CInlineAction->runWithParams(Array)
#5 /var/www/html/timesheet/yii/framework/web/filters/CFilterChain.php(133): CController->runAction(Object(CInlineAction))
#6 /var/www/html/timesheet/yii/framework/web/filters/CFilter.php(40): CFilterChain->run()
#7 /var/www/html/timesheet/yii/framework/web/CController.php(1145): CFilter->filter(Object(CFilterChain))
#8 /var/www/html/timesheet/yii/framework/web/filters/CInlineFilter.php(58): CController->filterAccessControl(Object(CFilterChain))
#9 /var/www/html/timesheet/yii/framework/web/filters/CFilterChain.php(130): CInlineFilter->filter(Object(CFilterChain))
#10 /var/www/html/timesheet/yii/framework/web/CController.php(291): CFilterChain->run()
#11 /var/www/html/timesheet/yii/framework/web/CController.php(265): CController->runActionWithFilters(Object(CInlineAction), Array)
#12 /var/www/html/timesheet/yii/framework/web/CWebApplication.php(282): CController->run('index')
#13 /var/www/html/timesheet/yii/framework/web/CWebApplication.php(141): CWebApplication->runController('daycomment/inde...')
#14 /var/www/html/timesheet/yii/framework/base/CApplication.php(180): CWebApplication->processRequest()
#15 /var/www/html/timesheet/index.php(35): CApplication->run()
#16 {main}
REQUEST_URI=/timesheet/daycomment/index/selecting_date/2018-03-12
HTTP_REFERER=http://localhost/timesheet/daycomment
---
2018/03/14 12:21:14 [error] [system.db.CDbCommand] CDbCommand::fetchAll() failed: SQLSTATE[42000]: Syntax error or access violation: 1055 Expression #3 of SELECT list is not in GROUP BY clause and contains nonaggregated column 'db_rjilautots_dev.st.stask_id' which is not functionally dependent on columns in GROUP BY clause; this is incompatible with sql_mode=only_full_group_by. The SQL statement executed was: select st.sub_project_id,sp.sub_project_name,st.stask_id  from tbl_sub_task as st inner join tbl_pid_approval as pa on (st.pid_approval_id = pa.pid_id) inner join tbl_sub_project as sp on (sp.spid = st.sub_project_id)
where st.project_id = 9 and st.emp_id = 3616 group by st.sub_project_id.
in /var/www/html/timesheet/protected/controllers/DayCommentController.php (1032)
in /var/www/html/timesheet/protected/controllers/DayCommentController.php (229)
in /var/www/html/timesheet/index.php (35)
2018/03/14 12:21:14 [error] [exception.CDbException] exception 'CDbException' with message 'CDbCommand failed to execute the SQL statement: SQLSTATE[42000]: Syntax error or access violation: 1055 Expression #3 of SELECT list is not in GROUP BY clause and contains nonaggregated column 'db_rjilautots_dev.st.stask_id' which is not functionally dependent on columns in GROUP BY clause; this is incompatible with sql_mode=only_full_group_by. The SQL statement executed was: select st.sub_project_id,sp.sub_project_name,st.stask_id  from tbl_sub_task as st inner join tbl_pid_approval as pa on (st.pid_approval_id = pa.pid_id) inner join tbl_sub_project as sp on (sp.spid = st.sub_project_id)
where st.project_id = 9 and st.emp_id = 3616 group by st.sub_project_id' in /var/www/html/timesheet/yii/framework/db/CDbCommand.php:543
Stack trace:
#0 /var/www/html/timesheet/yii/framework/db/CDbCommand.php(396): CDbCommand->queryInternal('fetchAll', Array, Array)
#1 /var/www/html/timesheet/protected/controllers/DayCommentController.php(1032): CDbCommand->queryAll()
#2 /var/www/html/timesheet/protected/controllers/DayCommentController.php(229): DayCommentController->getSubProjectByProjectId2('9')
#3 /var/www/html/timesheet/yii/framework/web/actions/CInlineAction.php(49): DayCommentController->actionIndex()
#4 /var/www/html/timesheet/yii/framework/web/CController.php(308): CInlineAction->runWithParams(Array)
#5 /var/www/html/timesheet/yii/framework/web/filters/CFilterChain.php(133): CController->runAction(Object(CInlineAction))
#6 /var/www/html/timesheet/yii/framework/web/filters/CFilter.php(40): CFilterChain->run()
#7 /var/www/html/timesheet/yii/framework/web/CController.php(1145): CFilter->filter(Object(CFilterChain))
#8 /var/www/html/timesheet/yii/framework/web/filters/CInlineFilter.php(58): CController->filterAccessControl(Object(CFilterChain))
#9 /var/www/html/timesheet/yii/framework/web/filters/CFilterChain.php(130): CInlineFilter->filter(Object(CFilterChain))
#10 /var/www/html/timesheet/yii/framework/web/CController.php(291): CFilterChain->run()
#11 /var/www/html/timesheet/yii/framework/web/CController.php(265): CController->runActionWithFilters(Object(CInlineAction), Array)
#12 /var/www/html/timesheet/yii/framework/web/CWebApplication.php(282): CController->run('')
#13 /var/www/html/timesheet/yii/framework/web/CWebApplication.php(141): CWebApplication->runController('daycomment')
#14 /var/www/html/timesheet/yii/framework/base/CApplication.php(180): CWebApplication->processRequest()
#15 /var/www/html/timesheet/index.php(35): CApplication->run()
#16 {main}
REQUEST_URI=/timesheet/daycomment
HTTP_REFERER=http://localhost/timesheet/pidapproval/admin
---
2018/03/14 12:21:21 [error] [system.db.CDbCommand] CDbCommand::fetchAll() failed: SQLSTATE[42000]: Syntax error or access violation: 1055 Expression #3 of SELECT list is not in GROUP BY clause and contains nonaggregated column 'db_rjilautots_dev.st.stask_id' which is not functionally dependent on columns in GROUP BY clause; this is incompatible with sql_mode=only_full_group_by. The SQL statement executed was: select st.sub_project_id,sp.sub_project_name,st.stask_id  from tbl_sub_task as st inner join tbl_pid_approval as pa on (st.pid_approval_id = pa.pid_id) inner join tbl_sub_project as sp on (sp.spid = st.sub_project_id)
where st.project_id = 9 and st.emp_id = 3616 group by st.sub_project_id.
in /var/www/html/timesheet/protected/controllers/DayCommentController.php (1032)
in /var/www/html/timesheet/protected/controllers/DayCommentController.php (229)
in /var/www/html/timesheet/index.php (35)
2018/03/14 12:21:21 [error] [exception.CDbException] exception 'CDbException' with message 'CDbCommand failed to execute the SQL statement: SQLSTATE[42000]: Syntax error or access violation: 1055 Expression #3 of SELECT list is not in GROUP BY clause and contains nonaggregated column 'db_rjilautots_dev.st.stask_id' which is not functionally dependent on columns in GROUP BY clause; this is incompatible with sql_mode=only_full_group_by. The SQL statement executed was: select st.sub_project_id,sp.sub_project_name,st.stask_id  from tbl_sub_task as st inner join tbl_pid_approval as pa on (st.pid_approval_id = pa.pid_id) inner join tbl_sub_project as sp on (sp.spid = st.sub_project_id)
where st.project_id = 9 and st.emp_id = 3616 group by st.sub_project_id' in /var/www/html/timesheet/yii/framework/db/CDbCommand.php:543
Stack trace:
#0 /var/www/html/timesheet/yii/framework/db/CDbCommand.php(396): CDbCommand->queryInternal('fetchAll', Array, Array)
#1 /var/www/html/timesheet/protected/controllers/DayCommentController.php(1032): CDbCommand->queryAll()
#2 /var/www/html/timesheet/protected/controllers/DayCommentController.php(229): DayCommentController->getSubProjectByProjectId2('9')
#3 /var/www/html/timesheet/yii/framework/web/actions/CInlineAction.php(49): DayCommentController->actionIndex()
#4 /var/www/html/timesheet/yii/framework/web/CController.php(308): CInlineAction->runWithParams(Array)
#5 /var/www/html/timesheet/yii/framework/web/filters/CFilterChain.php(133): CController->runAction(Object(CInlineAction))
#6 /var/www/html/timesheet/yii/framework/web/filters/CFilter.php(40): CFilterChain->run()
#7 /var/www/html/timesheet/yii/framework/web/CController.php(1145): CFilter->filter(Object(CFilterChain))
#8 /var/www/html/timesheet/yii/framework/web/filters/CInlineFilter.php(58): CController->filterAccessControl(Object(CFilterChain))
#9 /var/www/html/timesheet/yii/framework/web/filters/CFilterChain.php(130): CInlineFilter->filter(Object(CFilterChain))
#10 /var/www/html/timesheet/yii/framework/web/CController.php(291): CFilterChain->run()
#11 /var/www/html/timesheet/yii/framework/web/CController.php(265): CController->runActionWithFilters(Object(CInlineAction), Array)
#12 /var/www/html/timesheet/yii/framework/web/CWebApplication.php(282): CController->run('')
#13 /var/www/html/timesheet/yii/framework/web/CWebApplication.php(141): CWebApplication->runController('daycomment')
#14 /var/www/html/timesheet/yii/framework/base/CApplication.php(180): CWebApplication->processRequest()
#15 /var/www/html/timesheet/index.php(35): CApplication->run()
#16 {main}
REQUEST_URI=/timesheet/daycomment
HTTP_REFERER=http://localhost/timesheet/pidapproval/admin
---
2018/03/14 12:24:15 [error] [system.db.CDbCommand] CDbCommand::fetchAll() failed: SQLSTATE[42000]: Syntax error or access violation: 1055 Expression #3 of SELECT list is not in GROUP BY clause and contains nonaggregated column 'db_rjilautots_dev.st.stask_id' which is not functionally dependent on columns in GROUP BY clause; this is incompatible with sql_mode=only_full_group_by. The SQL statement executed was: select st.sub_project_id,sp.sub_project_name,stask_id  from tbl_sub_task as st inner join tbl_pid_approval as pa on (st.pid_approval_id = pa.pid_id) inner join tbl_sub_project as sp on (sp.spid = st.sub_project_id)
where st.project_id = 9 and st.emp_id = 3616 group by st.sub_project_id.
in /var/www/html/timesheet/protected/controllers/DayCommentController.php (1032)
in /var/www/html/timesheet/protected/controllers/DayCommentController.php (229)
in /var/www/html/timesheet/index.php (35)
2018/03/14 12:24:15 [error] [exception.CDbException] exception 'CDbException' with message 'CDbCommand failed to execute the SQL statement: SQLSTATE[42000]: Syntax error or access violation: 1055 Expression #3 of SELECT list is not in GROUP BY clause and contains nonaggregated column 'db_rjilautots_dev.st.stask_id' which is not functionally dependent on columns in GROUP BY clause; this is incompatible with sql_mode=only_full_group_by. The SQL statement executed was: select st.sub_project_id,sp.sub_project_name,stask_id  from tbl_sub_task as st inner join tbl_pid_approval as pa on (st.pid_approval_id = pa.pid_id) inner join tbl_sub_project as sp on (sp.spid = st.sub_project_id)
where st.project_id = 9 and st.emp_id = 3616 group by st.sub_project_id' in /var/www/html/timesheet/yii/framework/db/CDbCommand.php:543
Stack trace:
#0 /var/www/html/timesheet/yii/framework/db/CDbCommand.php(396): CDbCommand->queryInternal('fetchAll', Array, Array)
#1 /var/www/html/timesheet/protected/controllers/DayCommentController.php(1032): CDbCommand->queryAll()
#2 /var/www/html/timesheet/protected/controllers/DayCommentController.php(229): DayCommentController->getSubProjectByProjectId2('9')
#3 /var/www/html/timesheet/yii/framework/web/actions/CInlineAction.php(49): DayCommentController->actionIndex()
#4 /var/www/html/timesheet/yii/framework/web/CController.php(308): CInlineAction->runWithParams(Array)
#5 /var/www/html/timesheet/yii/framework/web/filters/CFilterChain.php(133): CController->runAction(Object(CInlineAction))
#6 /var/www/html/timesheet/yii/framework/web/filters/CFilter.php(40): CFilterChain->run()
#7 /var/www/html/timesheet/yii/framework/web/CController.php(1145): CFilter->filter(Object(CFilterChain))
#8 /var/www/html/timesheet/yii/framework/web/filters/CInlineFilter.php(58): CController->filterAccessControl(Object(CFilterChain))
#9 /var/www/html/timesheet/yii/framework/web/filters/CFilterChain.php(130): CInlineFilter->filter(Object(CFilterChain))
#10 /var/www/html/timesheet/yii/framework/web/CController.php(291): CFilterChain->run()
#11 /var/www/html/timesheet/yii/framework/web/CController.php(265): CController->runActionWithFilters(Object(CInlineAction), Array)
#12 /var/www/html/timesheet/yii/framework/web/CWebApplication.php(282): CController->run('')
#13 /var/www/html/timesheet/yii/framework/web/CWebApplication.php(141): CWebApplication->runController('daycomment')
#14 /var/www/html/timesheet/yii/framework/base/CApplication.php(180): CWebApplication->processRequest()
#15 /var/www/html/timesheet/index.php(35): CApplication->run()
#16 {main}
REQUEST_URI=/timesheet/daycomment
HTTP_REFERER=http://localhost/timesheet/pidapproval/admin
---
2018/03/14 12:24:20 [error] [system.db.CDbCommand] CDbCommand::fetchAll() failed: SQLSTATE[42000]: Syntax error or access violation: 1055 Expression #3 of SELECT list is not in GROUP BY clause and contains nonaggregated column 'db_rjilautots_dev.st.stask_id' which is not functionally dependent on columns in GROUP BY clause; this is incompatible with sql_mode=only_full_group_by. The SQL statement executed was: select st.sub_project_id,sp.sub_project_name,stask_id  from tbl_sub_task as st inner join tbl_pid_approval as pa on (st.pid_approval_id = pa.pid_id) inner join tbl_sub_project as sp on (sp.spid = st.sub_project_id)
where st.project_id = 9 and st.emp_id = 3616 group by st.sub_project_id.
in /var/www/html/timesheet/protected/controllers/DayCommentController.php (1032)
in /var/www/html/timesheet/protected/controllers/DayCommentController.php (229)
in /var/www/html/timesheet/index.php (35)
2018/03/14 12:24:20 [error] [exception.CDbException] exception 'CDbException' with message 'CDbCommand failed to execute the SQL statement: SQLSTATE[42000]: Syntax error or access violation: 1055 Expression #3 of SELECT list is not in GROUP BY clause and contains nonaggregated column 'db_rjilautots_dev.st.stask_id' which is not functionally dependent on columns in GROUP BY clause; this is incompatible with sql_mode=only_full_group_by. The SQL statement executed was: select st.sub_project_id,sp.sub_project_name,stask_id  from tbl_sub_task as st inner join tbl_pid_approval as pa on (st.pid_approval_id = pa.pid_id) inner join tbl_sub_project as sp on (sp.spid = st.sub_project_id)
where st.project_id = 9 and st.emp_id = 3616 group by st.sub_project_id' in /var/www/html/timesheet/yii/framework/db/CDbCommand.php:543
Stack trace:
#0 /var/www/html/timesheet/yii/framework/db/CDbCommand.php(396): CDbCommand->queryInternal('fetchAll', Array, Array)
#1 /var/www/html/timesheet/protected/controllers/DayCommentController.php(1032): CDbCommand->queryAll()
#2 /var/www/html/timesheet/protected/controllers/DayCommentController.php(229): DayCommentController->getSubProjectByProjectId2('9')
#3 /var/www/html/timesheet/yii/framework/web/actions/CInlineAction.php(49): DayCommentController->actionIndex()
#4 /var/www/html/timesheet/yii/framework/web/CController.php(308): CInlineAction->runWithParams(Array)
#5 /var/www/html/timesheet/yii/framework/web/filters/CFilterChain.php(133): CController->runAction(Object(CInlineAction))
#6 /var/www/html/timesheet/yii/framework/web/filters/CFilter.php(40): CFilterChain->run()
#7 /var/www/html/timesheet/yii/framework/web/CController.php(1145): CFilter->filter(Object(CFilterChain))
#8 /var/www/html/timesheet/yii/framework/web/filters/CInlineFilter.php(58): CController->filterAccessControl(Object(CFilterChain))
#9 /var/www/html/timesheet/yii/framework/web/filters/CFilterChain.php(130): CInlineFilter->filter(Object(CFilterChain))
#10 /var/www/html/timesheet/yii/framework/web/CController.php(291): CFilterChain->run()
#11 /var/www/html/timesheet/yii/framework/web/CController.php(265): CController->runActionWithFilters(Object(CInlineAction), Array)
#12 /var/www/html/timesheet/yii/framework/web/CWebApplication.php(282): CController->run('')
#13 /var/www/html/timesheet/yii/framework/web/CWebApplication.php(141): CWebApplication->runController('daycomment')
#14 /var/www/html/timesheet/yii/framework/base/CApplication.php(180): CWebApplication->processRequest()
#15 /var/www/html/timesheet/index.php(35): CApplication->run()
#16 {main}
REQUEST_URI=/timesheet/daycomment
HTTP_REFERER=http://localhost/timesheet/pidapproval/admin
---
